Gym has been unmaintained since 2022 and does not support NumPy 2.0 amongst other critical functionality.
Please upgrade to Gymnasium, the maintained drop-in replacement of Gym, or contact the authors of your software and request that they upgrade.
Users of this version of Gym should be able to simply replace 'import gym' with 'import gymnasium as gym' in the vast majority of cases.
See the migration guide at https://gymnasium.farama.org/introduction/migration_guide/ for additional information.
[INFO] Connect to Node1 at ('10.0.1.7', 9000)
[INFO] Connect to Node2 at ('10.0.1.8', 9000)
[INFO] Connect to Node3 at ('10.0.1.9', 9000)
[INFO] Connect to Node4 at ('10.0.1.10', 9000)
[INFO] MDRS starting with config: REWARD_MODE=absolute, USE_COMM_COST=True, alpha=0.4, beta=0.3, gamma=0.3
[INFO] State size: 56 (4 nodes × 12 metrics + 8 pod features)
[INFO] Environment initialize...
 * Serving Flask app 'dqn'
 * Debug mode: off
[31m[1mWARNING: This is a development server. Do not use it in a production deployment. Use a production WSGI server instead.[0m
 * Running on all addresses (0.0.0.0)
 * Running on http://127.0.0.1:1234
 * Running on http://10.0.1.4:1234
[33mPress CTRL+C to quit[0m
127.0.0.1 - - [18/May/2026 04:07:19] "GET /config HTTP/1.1" 200 -
10.0.1.4 - - [18/May/2026 04:07:20] "POST /choose HTTP/1.1" 200 -
10.0.1.4 - - [18/May/2026 04:07:20] "POST /choose HTTP/1.1" 200 -
10.0.1.4 - - [18/May/2026 04:07:20] "POST /choose HTTP/1.1" 200 -
10.0.1.4 - - [18/May/2026 04:07:20] "POST /choose HTTP/1.1" 200 -
10.0.1.4 - - [18/May/2026 04:07:40] "POST /choose HTTP/1.1" 200 -
10.0.1.4 - - [18/May/2026 04:07:40] "POST /choose HTTP/1.1" 200 -
10.0.1.4 - - [18/May/2026 04:07:40] "POST /choose HTTP/1.1" 200 -
10.0.1.4 - - [18/May/2026 04:07:40] "POST /choose HTTP/1.1" 200 -
10.0.1.4 - - [18/May/2026 04:08:00] "POST /choose HTTP/1.1" 200 -
10.0.1.4 - - [18/May/2026 04:08:00] "POST /choose HTTP/1.1" 200 -
10.0.1.4 - - [18/May/2026 04:08:00] "POST /choose HTTP/1.1" 200 -
10.0.1.4 - - [18/May/2026 04:08:00] "POST /choose HTTP/1.1" 200 -
10.0.1.4 - - [18/May/2026 04:08:07] "POST /choose HTTP/1.1" 200 -
10.0.1.4 - - [18/May/2026 04:08:07] "POST /choose HTTP/1.1" 200 -
10.0.1.4 - - [18/May/2026 04:08:07] "POST /choose HTTP/1.1" 200 -
10.0.1.4 - - [18/May/2026 04:08:07] "POST /choose HTTP/1.1" 200 -
10.0.1.4 - - [18/May/2026 04:08:20] "POST /choose HTTP/1.1" 200 -
10.0.1.4 - - [18/May/2026 04:08:20] "POST /choose HTTP/1.1" 200 -
10.0.1.4 - - [18/May/2026 04:08:20] "POST /choose HTTP/1.1" 200 -
10.0.1.4 - - [18/May/2026 04:08:20] "POST /choose HTTP/1.1" 200 -
10.0.1.4 - - [18/May/2026 04:08:41] "POST /choose HTTP/1.1" 200 -
10.0.1.4 - - [18/May/2026 04:08:41] "POST /choose HTTP/1.1" 200 -
10.0.1.4 - - [18/May/2026 04:08:41] "POST /choose HTTP/1.1" 200 -
10.0.1.4 - - [18/May/2026 04:08:41] "POST /choose HTTP/1.1" 200 -
10.0.1.4 - - [18/May/2026 04:09:01] "POST /choose HTTP/1.1" 200 -
10.0.1.4 - - [18/May/2026 04:09:01] "POST /choose HTTP/1.1" 200 -
10.0.1.4 - - [18/May/2026 04:09:01] "POST /choose HTTP/1.1" 200 -
10.0.1.4 - - [18/May/2026 04:09:01] "POST /choose HTTP/1.1" 200 -
10.0.1.4 - - [18/May/2026 04:09:21] "POST /choose HTTP/1.1" 200 -
10.0.1.4 - - [18/May/2026 04:09:21] "POST /choose HTTP/1.1" 200 -
10.0.1.4 - - [18/May/2026 04:09:21] "POST /choose HTTP/1.1" 200 -
10.0.1.4 - - [18/May/2026 04:09:21] "POST /choose HTTP/1.1" 200 -
10.0.1.4 - - [18/May/2026 04:09:41] "POST /choose HTTP/1.1" 200 -
10.0.1.4 - - [18/May/2026 04:09:41] "POST /choose HTTP/1.1" 200 -
10.0.1.4 - - [18/May/2026 04:09:41] "POST /choose HTTP/1.1" 200 -
10.0.1.4 - - [18/May/2026 04:09:41] "POST /choose HTTP/1.1" 200 -
[INFO] Get pod: fusion-workload-1
[INFO] Pod fusion-workload-1 matched profile: fusion (mongo=aws, pg=gcp)
[INFO] Get pod: fusion-workload-1
[INFO] Pod fusion-workload-1 matched profile: fusion (mongo=aws, pg=gcp)
[INFO] Get pod: fusion-workload-1
[INFO] Pod fusion-workload-1 matched profile: fusion (mongo=aws, pg=gcp)
[INFO] Get pod: fusion-workload-1
[INFO] Pod fusion-workload-1 matched profile: fusion (mongo=aws, pg=gcp)
[INFO] Start the Step thread...
[ENV] Step 1/100, action=node3
[ENV] Waiting for pod execution...
[INFO] Start the Step thread...
[INFO] Action for Pod fusion-workload-1 is: node3
[INFO] Action for Pod fusion-workload-1 is: node3
[INFO] Start the Step thread...
[INFO] Action for Pod fusion-workload-1 is: node3
[INFO] Start the Step thread...
[INFO] Action for Pod fusion-workload-1 is: node3
[ENV] State updated for step 1
[REWARD] action=2 mode=absolute avg_util=0.599 imbalance=0.060 comm_cost=0.519 reward=0.066
[INFO] Exit the Step thread!
[ENV] Step 2/100, action=node3
[ENV] Waiting for pod execution...
[ENV] State updated for step 2
[REWARD] action=2 mode=absolute avg_util=0.574 imbalance=0.157 comm_cost=0.489 reward=0.036
[INFO] Exit the Step thread!
[ENV] Step 3/100, action=node3
[ENV] Waiting for pod execution...
[ENV] State updated for step 3
[REWARD] action=2 mode=absolute avg_util=0.543 imbalance=0.087 comm_cost=0.537 reward=0.030
[INFO] Exit the Step thread!
[ENV] Step 4/100, action=node3
[ENV] Waiting for pod execution...
[ENV] State updated for step 4
[REWARD] action=2 mode=absolute avg_util=0.534 imbalance=0.096 comm_cost=0.577 reward=0.012
[INFO] Exit the Step thread!
[INFO] Get pod: fusion-workload-2
[INFO] Pod fusion-workload-2 matched profile: fusion (mongo=aws, pg=gcp)
[INFO] Get pod: fusion-workload-2
[INFO] Pod fusion-workload-2 matched profile: fusion (mongo=aws, pg=gcp)
[INFO] Start the Step thread...
[ENV] Step 5/100, action=node1
[ENV] Waiting for pod execution...
[INFO] Get pod: fusion-workload-2
[INFO] This pod has been scheduled, action: node1
[INFO] Action for Pod fusion-workload-2 is: node1
[INFO] Get pod: fusion-workload-2
[INFO] This pod has been scheduled, action: node3
[INFO] Start the Step thread...
[INFO] Action for Pod fusion-workload-2 is: node3
[ENV] State updated for step 5
[REWARD] action=0 mode=absolute avg_util=0.631 imbalance=0.133 comm_cost=0.521 reward=0.056
[INFO] Exit the Step thread!
[ENV] Step 6/100, action=node3
[ENV] Waiting for pod execution...
[ENV] State updated for step 6
[REWARD] action=2 mode=absolute avg_util=0.614 imbalance=0.202 comm_cost=0.505 reward=0.034
[INFO] Exit the Step thread!
[INFO] Get pod: fusion-workload-3
[INFO] Pod fusion-workload-3 matched profile: fusion (mongo=aws, pg=gcp)
[INFO] Get pod: fusion-workload-3
[INFO] Pod fusion-workload-3 matched profile: fusion (mongo=aws, pg=gcp)
[INFO] Get pod: fusion-workload-3
[INFO] Pod fusion-workload-3 matched profile: fusion (mongo=aws, pg=gcp)
[INFO] Start the Step thread...
[ENV] Step 7/100, action=node3
[ENV] Waiting for pod execution...
[INFO] Start the Step thread...
[INFO] Get pod: fusion-workload-3
[INFO] This pod has been scheduled, action: node3
[INFO] Start the Step thread...
[INFO] Action for Pod fusion-workload-3 is: node3
[INFO] Action for Pod fusion-workload-3 is: node3
[INFO] Action for Pod fusion-workload-3 is: node3
[ENV] State updated for step 7
[REWARD] action=2 mode=absolute avg_util=0.627 imbalance=0.094 comm_cost=0.540 reward=0.061
[INFO] Exit the Step thread!
[ENV] Step 8/100, action=node3
[ENV] Waiting for pod execution...
[INFO] Get pod: fusion-workload-2
[INFO] This pod has been scheduled, action: node3
[INFO] Get pod: fusion-workload-2
[INFO] This pod has been scheduled, action: node3
[INFO] Get pod: fusion-workload-2
[INFO] This pod has been scheduled, action: node3
[INFO] Get pod: fusion-workload-2
[INFO] This pod has been scheduled, action: node3
[ENV] State updated for step 8
[REWARD] action=2 mode=absolute avg_util=0.601 imbalance=0.218 comm_cost=0.559 reward=0.007
[INFO] Exit the Step thread!
[ENV] Step 9/100, action=node3
[ENV] Waiting for pod execution...
[ENV] State updated for step 9
[REWARD] action=2 mode=absolute avg_util=0.577 imbalance=0.279 comm_cost=0.655 reward=-0.050
[INFO] Exit the Step thread!
[INFO] Get pod: fusion-workload-4
[INFO] Pod fusion-workload-4 matched profile: fusion (mongo=aws, pg=gcp)
[INFO] Get pod: fusion-workload-4
[INFO] This pod has been scheduled, action: node3
[INFO] Start the Step thread...
[ENV] Step 10/100, action=node3
[ENV] Waiting for pod execution...
[INFO] Action for Pod fusion-workload-4 is: node3
[INFO] Get pod: fusion-workload-4
[INFO] This pod has been scheduled, action: node3
[INFO] Get pod: fusion-workload-4
[INFO] This pod has been scheduled, action: node3
[ENV] State updated for step 10
[REWARD] action=2 mode=absolute avg_util=0.613 imbalance=0.216 comm_cost=0.520 reward=0.024
[INFO] Exit the Step thread!
[INFO] Get pod: fusion-workload-5
[INFO] Pod fusion-workload-5 matched profile: fusion (mongo=aws, pg=gcp)
[INFO] Get pod: fusion-workload-5
[INFO] This pod has been scheduled, action: node3
[INFO] Get pod: fusion-workload-5
[INFO] This pod has been scheduled, action: node3
[INFO] Start the Step thread...
[ENV] Step 11/100, action=node3
[ENV] Waiting for pod execution...
[INFO] Action for Pod fusion-workload-5 is: node3
[INFO] Get pod: fusion-workload-5
[INFO] This pod has been scheduled, action: node3
[ENV] State updated for step 11
[REWARD] action=2 mode=absolute avg_util=0.624 imbalance=0.123 comm_cost=0.594 reward=0.035
[INFO] Exit the Step thread!
[INFO] Get pod: fusion-workload-6
[INFO] Pod fusion-workload-6 matched profile: fusion (mongo=aws, pg=gcp)
[INFO] Get pod: fusion-workload-6
[INFO] Pod fusion-workload-6 matched profile: fusion (mongo=aws, pg=gcp)
[INFO] Start the Step thread...
[ENV] Step 12/100, action=node3
[ENV] Waiting for pod execution...
[INFO] Action for Pod fusion-workload-6 is: node3
[INFO] Start the Step thread...
[INFO] Get pod: fusion-workload-6
[INFO] This pod has been scheduled, action: node3
[INFO] Get pod: fusion-workload-6
[INFO] This pod has been scheduled, action: node3
[INFO] Action for Pod fusion-workload-6 is: node3
[ENV] State updated for step 12
[REWARD] action=2 mode=absolute avg_util=0.580 imbalance=0.164 comm_cost=0.514 reward=0.029
[INFO] Exit the Step thread!
[ENV] Step 13/100, action=node3
[ENV] Waiting for pod execution...
[ENV] State updated for step 13
[REWARD] action=2 mode=absolute avg_util=0.629 imbalance=0.093 comm_cost=0.558 reward=0.057
[INFO] Exit the Step thread!
[INFO] Get pod: fusion-workload-7
[INFO] Pod fusion-workload-7 matched profile: fusion (mongo=aws, pg=gcp)
[INFO] Start the Step thread...
[ENV] Step 14/100, action=node3
[ENV] Waiting for pod execution...
[INFO] Get pod: fusion-workload-7
[INFO] This pod has been scheduled, action: node3
[INFO] Action for Pod fusion-workload-7 is: node3
[INFO] Get pod: fusion-workload-7
[INFO] This pod has been scheduled, action: node3
[INFO] Get pod: fusion-workload-7
[INFO] This pod has been scheduled, action: node3
[ENV] State updated for step 14
[REWARD] action=2 mode=absolute avg_util=0.605 imbalance=0.101 comm_cost=0.515 reward=0.057
[INFO] Exit the Step thread!
[INFO] Get pod: fusion-workload-8
[INFO] Pod fusion-workload-8 matched profile: fusion (mongo=aws, pg=gcp)
[INFO] Get pod: fusion-workload-8
[INFO] Pod fusion-workload-8 matched profile: fusion (mongo=aws, pg=gcp)
[INFO] Get pod: fusion-workload-8
[INFO] Pod fusion-workload-8 matched profile: fusion (mongo=aws, pg=gcp)
[INFO] Start the Step thread...
[ENV] Step 15/100, action=node3
[ENV] Waiting for pod execution...
[INFO] Action for Pod fusion-workload-8 is: node3
[INFO] Get pod: fusion-workload-8
[INFO] This pod has been scheduled, action: node1
[INFO] Start the Step thread...
[INFO] Start the Step thread...
[INFO] Action for Pod fusion-workload-8 is: node3
[INFO] Action for Pod fusion-workload-8 is: node1
[ENV] State updated for step 15
[REWARD] action=2 mode=absolute avg_util=0.598 imbalance=0.138 comm_cost=0.654 reward=0.001
[INFO] Exit the Step thread!
[ENV] Step 16/100, action=node1
[ENV] Waiting for pod execution...
[ENV] State updated for step 16
[REWARD] action=0 mode=absolute avg_util=0.583 imbalance=0.128 comm_cost=0.493 reward=0.04710.0.1.4 - - [18/May/2026 04:10:02] "POST /choose HTTP/1.1" 200 -
10.0.1.4 - - [18/May/2026 04:10:02] "POST /choose HTTP/1.1" 200 -
10.0.1.4 - - [18/May/2026 04:10:02] "POST /choose HTTP/1.1" 200 -
10.0.1.4 - - [18/May/2026 04:10:02] "POST /choose HTTP/1.1" 200 -
10.0.1.4 - - [18/May/2026 04:10:22] "POST /choose HTTP/1.1" 200 -
10.0.1.4 - - [18/May/2026 04:10:22] "POST /choose HTTP/1.1" 200 -
10.0.1.4 - - [18/May/2026 04:10:22] "POST /choose HTTP/1.1" 200 -
10.0.1.4 - - [18/May/2026 04:10:22] "POST /choose HTTP/1.1" 200 -
10.0.1.4 - - [18/May/2026 04:10:42] "POST /choose HTTP/1.1" 200 -
10.0.1.4 - - [18/May/2026 04:10:42] "POST /choose HTTP/1.1" 200 -
10.0.1.4 - - [18/May/2026 04:10:42] "POST /choose HTTP/1.1" 200 -
10.0.1.4 - - [18/May/2026 04:10:42] "POST /choose HTTP/1.1" 200 -
10.0.1.4 - - [18/May/2026 04:11:02] "POST /choose HTTP/1.1" 200 -
10.0.1.4 - - [18/May/2026 04:11:02] "POST /choose HTTP/1.1" 200 -
10.0.1.4 - - [18/May/2026 04:11:02] "POST /choose HTTP/1.1" 200 -
10.0.1.4 - - [18/May/2026 04:11:02] "POST /choose HTTP/1.1" 200 -
10.0.1.4 - - [18/May/2026 04:11:22] "POST /choose HTTP/1.1" 200 -
10.0.1.4 - - [18/May/2026 04:11:22] "POST /choose HTTP/1.1" 200 -
10.0.1.4 - - [18/May/2026 04:11:22] "POST /choose HTTP/1.1" 200 -
10.0.1.4 - - [18/May/2026 04:11:22] "POST /choose HTTP/1.1" 200 -
10.0.1.4 - - [18/May/2026 04:11:43] "POST /choose HTTP/1.1" 200 -
10.0.1.4 - - [18/May/2026 04:11:43] "POST /choose HTTP/1.1" 200 -
10.0.1.4 - - [18/May/2026 04:11:43] "POST /choose HTTP/1.1" 200 -
10.0.1.4 - - [18/May/2026 04:11:43] "POST /choose HTTP/1.1" 200 -
10.0.1.4 - - [18/May/2026 04:12:03] "POST /choose HTTP/1.1" 200 -
10.0.1.4 - - [18/May/2026 04:12:03] "POST /choose HTTP/1.1" 200 -
10.0.1.4 - - [18/May/2026 04:12:03] "POST /choose HTTP/1.1" 200 -
10.0.1.4 - - [18/May/2026 04:12:03] "POST /choose HTTP/1.1" 200 -
10.0.1.4 - - [18/May/2026 04:12:23] "POST /choose HTTP/1.1" 200 -
10.0.1.4 - - [18/May/2026 04:12:23] "POST /choose HTTP/1.1" 200 -
10.0.1.4 - - [18/May/2026 04:12:23] "POST /choose HTTP/1.1" 200 -
10.0.1.4 - - [18/May/2026 04:12:23] "POST /choose HTTP/1.1" 200 -
10.0.1.4 - - [18/May/2026 04:12:43] "POST /choose HTTP/1.1" 200 -
10.0.1.4 - - [18/May/2026 04:12:43] "POST /choose HTTP/1.1" 200 -
10.0.1.4 - - [18/May/2026 04:12:43] "POST /choose HTTP/1.1" 200 -
10.0.1.4 - - [18/May/2026 04:12:43] "POST /choose HTTP/1.1" 200 -

[INFO] Exit the Step thread!
[ENV] Step 17/100, action=node3
[ENV] Waiting for pod execution...
[ENV] State updated for step 17
[REWARD] action=2 mode=absolute avg_util=0.567 imbalance=0.111 comm_cost=0.493 reward=0.045
[INFO] Exit the Step thread!
[INFO] Get pod: fusion-workload-9
[INFO] Pod fusion-workload-9 matched profile: fusion (mongo=aws, pg=gcp)
[INFO] Get pod: fusion-workload-9
[INFO] Pod fusion-workload-9 matched profile: fusion (mongo=aws, pg=gcp)
[INFO] Start the Step thread...
[ENV] Step 18/100, action=node3
[ENV] Waiting for pod execution...
[INFO] Get pod: fusion-workload-9
[INFO] This pod has been scheduled, action: node3
[INFO] Get pod: fusion-workload-9
[INFO] This pod has been scheduled, action: node3
[INFO] Action for Pod fusion-workload-9 is: node3
[INFO] Start the Step thread...
[INFO] Action for Pod fusion-workload-9 is: node3
[ENV] State updated for step 18
[REWARD] action=2 mode=absolute avg_util=0.614 imbalance=0.152 comm_cost=0.544 reward=0.037
[INFO] Exit the Step thread!
[ENV] Step 19/100, action=node3
[ENV] Waiting for pod execution...
[ENV] State updated for step 19
[REWARD] action=2 mode=absolute avg_util=0.603 imbalance=0.184 comm_cost=0.502 reward=0.036
[INFO] Exit the Step thread!
[INFO] Get pod: fusion-workload-10
[INFO] Pod fusion-workload-10 matched profile: fusion (mongo=aws, pg=gcp)
[INFO] Start the Step thread...
[ENV] Step 20/100, action=node3
[ENV] Waiting for pod execution...
[INFO] Get pod: fusion-workload-10
[INFO] This pod has been scheduled, action: node3
[INFO] Action for Pod fusion-workload-10 is: node3
[INFO] Get pod: fusion-workload-10
[INFO] This pod has been scheduled, action: node3
[INFO] Get pod: fusion-workload-10
[INFO] This pod has been scheduled, action: node3
[ENV] State updated for step 20
[REWARD] action=2 mode=absolute avg_util=0.568 imbalance=0.166 comm_cost=0.558 reward=0.010
[INFO] Exit the Step thread!
[INFO] Get pod: fusion-workload-11
[INFO] Pod fusion-workload-11 matched profile: fusion (mongo=aws, pg=gcp)
[INFO] Get pod: fusion-workload-11
[INFO] Pod fusion-workload-11 matched profile: fusion (mongo=aws, pg=gcp)
[INFO] Start the Step thread...
[ENV] Step 21/100, action=node3
[ENV] Waiting for pod execution...
[INFO] Get pod: fusion-workload-11
[INFO] This pod has been scheduled, action: node3
[INFO] Action for Pod fusion-workload-11 is: node3
[INFO] Get pod: fusion-workload-11
[INFO] This pod has been scheduled, action: node3
[INFO] Start the Step thread...
[INFO] Action for Pod fusion-workload-11 is: node3
[ENV] State updated for step 21
[REWARD] action=2 mode=absolute avg_util=0.589 imbalance=0.078 comm_cost=0.478 reward=0.069
[INFO] Exit the Step thread!
[ENV] Step 22/100, action=node3
[ENV] Waiting for pod execution...
[ENV] State updated for step 22
[REWARD] action=2 mode=absolute avg_util=0.572 imbalance=0.122 comm_cost=0.564 reward=0.023
[INFO] Exit the Step thread!
[INFO] Get pod: fusion-workload-12
[INFO] Pod fusion-workload-12 matched profile: fusion (mongo=aws, pg=gcp)
[INFO] Start the Step thread...
[ENV] Step 23/100, action=node3
[ENV] Waiting for pod execution...
[INFO] Action for Pod fusion-workload-12 is: node3
[INFO] Get pod: fusion-workload-12
[INFO] This pod has been scheduled, action: node3
[INFO] Get pod: fusion-workload-12
[INFO] This pod has been scheduled, action: node3
[INFO] Get pod: fusion-workload-12
[INFO] This pod has been scheduled, action: node3
[ENV] State updated for step 23
[REWARD] action=2 mode=absolute avg_util=0.554 imbalance=0.151 comm_cost=0.496 reward=0.028
[INFO] Exit the Step thread!
[INFO] Get pod: fusion-workload-13
[INFO] Pod fusion-workload-13 matched profile: fusion (mongo=aws, pg=gcp)
[INFO] Get pod: fusion-workload-13
[INFO] Pod fusion-workload-13 matched profile: fusion (mongo=aws, pg=gcp)
[INFO] Get pod: fusion-workload-13
[INFO] Pod fusion-workload-13 matched profile: fusion (mongo=aws, pg=gcp)
[INFO] Get pod: fusion-workload-13
[INFO] Pod fusion-workload-13 matched profile: fusion (mongo=aws, pg=gcp)
[INFO] Start the Step thread...
[ENV] Step 24/100, action=node3
[ENV] Waiting for pod execution...
[INFO] Action for Pod fusion-workload-13 is: node3
[INFO] Start the Step thread...
[INFO] Start the Step thread...
[INFO] Action for Pod fusion-workload-13 is: node3
[INFO] Action for Pod fusion-workload-13 is: node3
[INFO] Start the Step thread...
[INFO] Action for Pod fusion-workload-13 is: node3
[ENV] State updated for step 24
[REWARD] action=2 mode=absolute avg_util=0.588 imbalance=0.055 comm_cost=0.505 reward=0.067
[INFO] Exit the Step thread!
[ENV] Step 25/100, action=node3
[ENV] Waiting for pod execution...
[ENV] State updated for step 25
[REWARD] action=2 mode=absolute avg_util=0.573 imbalance=0.106 comm_cost=0.520 reward=0.041
[INFO] Exit the Step thread!
[ENV] Step 26/100, action=node3
[ENV] Waiting for pod execution...
[ENV] State updated for step 26
[REWARD] action=2 mode=absolute avg_util=0.579 imbalance=0.105 comm_cost=0.485 reward=0.055
[INFO] Exit the Step thread!
[ENV] Step 27/100, action=node3
[ENV] Waiting for pod execution...
[ENV] State updated for step 27
[REWARD] action=2 mode=absolute avg_util=0.561 imbalance=0.109 comm_cost=0.716 reward=-0.023
[INFO] Exit the Step thread!
[INFO] Get pod: fusion-workload-14
[INFO] Pod fusion-workload-14 matched profile: fusion (mongo=aws, pg=gcp)
[INFO] Get pod: fusion-workload-14
[INFO] This pod has been scheduled, action: node3
[INFO] Start the Step thread...
[ENV] Step 28/100, action=node3
[ENV] Waiting for pod execution...
[INFO] Action for Pod fusion-workload-14 is: node3
[INFO] Get pod: fusion-workload-14
[INFO] This pod has been scheduled, action: node3
[INFO] Get pod: fusion-workload-14
[INFO] This pod has been scheduled, action: node3
[ENV] State updated for step 28
[REWARD] action=2 mode=absolute avg_util=0.583 imbalance=0.173 comm_cost=0.736 reward=-0.039
[INFO] Exit the Step thread!
[INFO] Get pod: fusion-workload-15
[INFO] Pod fusion-workload-15 matched profile: fusion (mongo=aws, pg=gcp)
[INFO] Get pod: fusion-workload-15
[INFO] This pod has been scheduled, action: node3
[INFO] Start the Step thread...
[ENV] Step 29/100, action=node3
[ENV] Waiting for pod execution...
[INFO] Get pod: fusion-workload-15
[INFO] This pod has been scheduled, action: node3
[INFO] Get pod: fusion-workload-15
[INFO] This pod has been scheduled, action: node3
[INFO] Action for Pod fusion-workload-15 is: node3
[ENV] State updated for step 29
[REWARD] action=2 mode=absolute avg_util=0.553 imbalance=0.127 comm_cost=0.480 reward=0.039
[INFO] Exit the Step thread!
[INFO] Get pod: fusion-workload-16
[INFO] Pod fusion-workload-16 matched profile: fusion (mongo=aws, pg=gcp)
[INFO] Start the Step thread...
[ENV] Step 30/100, action=node3
[ENV] Waiting for pod execution...
[INFO] Action for Pod fusion-workload-16 is: node3
[INFO] Get pod: fusion-workload-16
[INFO] This pod has been scheduled, action: node3
[INFO] Get pod: fusion-workload-16
[INFO] This pod has been scheduled, action: node3
[INFO] Get pod: fusion-workload-16
[INFO] This pod has been scheduled, action: node3
[ENV] State updated for step 30
[REWARD] action=2 mode=absolute avg_util=0.573 imbalance=0.129 comm_cost=0.517 reward=0.036
[INFO] Exit the Step thread!
[INFO] Get pod: fusion-workload-17
[INFO] Pod fusion-workload-17 matched profile: fusion (mongo=aws, pg=gcp)
[INFO] Get pod: fusion-workload-17
[INFO] This pod has been scheduled, action: node3
[INFO] Start the Step thread...
[ENV] Step 31/100, action=node3
[ENV] Waiting for pod execution...
[INFO] Action for Pod fusion-workload-17 is: node3
[INFO] Get pod: fusion-workload-17
[INFO] This pod has been scheduled, action: node3
[INFO] Get pod: fusion-workload-17
[INFO] This pod has been scheduled, action: node3
[ENV] State updated for step 31
[REWARD] action=2 mode=absolute avg_util=0.581 imbalance=0.138 comm_cost=0.569 reward=0.020
[INFO] Exit the Step thread!
[INFO] Get pod: fusion-workload-18
[INFO] Pod fusion-workload-18 matched profile: fusion (mongo=aws, pg=gcp)
[INFO] Get pod: fusion-workload-18
[INFO] Pod fusion-workload-18 matched profile: fusion (mongo=aws, pg=gcp)
[INFO] Start the Step thread...
[ENV] Step 32/100, action=node3
[ENV] Waiting for pod execution...10.0.1.4 - - [18/May/2026 04:13:04] "POST /choose HTTP/1.1" 200 -
10.0.1.4 - - [18/May/2026 04:13:04] "POST /choose HTTP/1.1" 200 -
10.0.1.4 - - [18/May/2026 04:13:04] "POST /choose HTTP/1.1" 200 -
10.0.1.4 - - [18/May/2026 04:13:04] "POST /choose HTTP/1.1" 200 -
10.0.1.4 - - [18/May/2026 04:13:24] "POST /choose HTTP/1.1" 200 -
10.0.1.4 - - [18/May/2026 04:13:24] "POST /choose HTTP/1.1" 200 -
10.0.1.4 - - [18/May/2026 04:13:24] "POST /choose HTTP/1.1" 200 -
10.0.1.4 - - [18/May/2026 04:13:24] "POST /choose HTTP/1.1" 200 -
10.0.1.4 - - [18/May/2026 04:13:44] "POST /choose HTTP/1.1" 200 -
10.0.1.4 - - [18/May/2026 04:13:44] "POST /choose HTTP/1.1" 200 -
10.0.1.4 - - [18/May/2026 04:13:44] "POST /choose HTTP/1.1" 200 -
10.0.1.4 - - [18/May/2026 04:13:44] "POST /choose HTTP/1.1" 200 -
10.0.1.4 - - [18/May/2026 04:14:04] "POST /choose HTTP/1.1" 200 -
10.0.1.4 - - [18/May/2026 04:14:04] "POST /choose HTTP/1.1" 200 -
10.0.1.4 - - [18/May/2026 04:14:04] "POST /choose HTTP/1.1" 200 -
10.0.1.4 - - [18/May/2026 04:14:04] "POST /choose HTTP/1.1" 200 -
10.0.1.4 - - [18/May/2026 04:14:25] "POST /choose HTTP/1.1" 200 -
10.0.1.4 - - [18/May/2026 04:14:25] "POST /choose HTTP/1.1" 200 -
10.0.1.4 - - [18/May/2026 04:14:25] "POST /choose HTTP/1.1" 200 -
10.0.1.4 - - [18/May/2026 04:14:25] "POST /choose HTTP/1.1" 200 -
10.0.1.4 - - [18/May/2026 04:14:45] "POST /choose HTTP/1.1" 200 -
10.0.1.4 - - [18/May/2026 04:14:45] "POST /choose HTTP/1.1" 200 -
10.0.1.4 - - [18/May/2026 04:14:45] "POST /choose HTTP/1.1" 200 -
10.0.1.4 - - [18/May/2026 04:14:45] "POST /choose HTTP/1.1" 200 -
10.0.1.4 - - [18/May/2026 04:15:05] "POST /choose HTTP/1.1" 200 -
10.0.1.4 - - [18/May/2026 04:15:05] "POST /choose HTTP/1.1" 200 -
10.0.1.4 - - [18/May/2026 04:15:05] "POST /choose HTTP/1.1" 200 -
10.0.1.4 - - [18/May/2026 04:15:05] "POST /choose HTTP/1.1" 200 -
10.0.1.4 - - [18/May/2026 04:15:25] "POST /choose HTTP/1.1" 200 -
10.0.1.4 - - [18/May/2026 04:15:25] "POST /choose HTTP/1.1" 200 -
10.0.1.4 - - [18/May/2026 04:15:25] "POST /choose HTTP/1.1" 200 -
10.0.1.4 - - [18/May/2026 04:15:25] "POST /choose HTTP/1.1" 200 -
10.0.1.4 - - [18/May/2026 04:15:32] "POST /choose HTTP/1.1" 200 -
10.0.1.4 - - [18/May/2026 04:15:32] "POST /choose HTTP/1.1" 200 -
10.0.1.4 - - [18/May/2026 04:15:32] "POST /choose HTTP/1.1" 200 -
10.0.1.4 - - [18/May/2026 04:15:32] "POST /choose HTTP/1.1" 200 -
[INFO] Get pod: fusion-workload-18
[INFO] This pod has been scheduled, action: node3
[INFO] Get pod: fusion-workload-18
[INFO] This pod has been scheduled, action: node3
[INFO] Action for Pod fusion-workload-18 is: node3

[INFO] Start the Step thread...
[INFO] Action for Pod fusion-workload-18 is: node3
[ENV] State updated for step 32
[REWARD] action=2 mode=absolute avg_util=0.589 imbalance=0.101 comm_cost=0.602 reward=0.025
[INFO] Exit the Step thread!
[ENV] Step 33/100, action=node3
[ENV] Waiting for pod execution...
[ENV] State updated for step 33
[REWARD] action=2 mode=absolute avg_util=0.569 imbalance=0.160 comm_cost=0.634 reward=-0.011
[INFO] Exit the Step thread!
[INFO] Get pod: fusion-workload-19
[INFO] Pod fusion-workload-19 matched profile: fusion (mongo=aws, pg=gcp)
[INFO] Start the Step thread...
[ENV] Step 34/100, action=node3
[ENV] Waiting for pod execution...
[INFO] Action for Pod fusion-workload-19 is: node3
[INFO] Get pod: fusion-workload-19
[INFO] This pod has been scheduled, action: node3
[INFO] Get pod: fusion-workload-19
[INFO] This pod has been scheduled, action: node3
[INFO] Get pod: fusion-workload-19
[INFO] This pod has been scheduled, action: node3
[ENV] State updated for step 34
[REWARD] action=2 mode=absolute avg_util=0.594 imbalance=0.152 comm_cost=0.514 reward=0.038
[INFO] Exit the Step thread!
[INFO] Get pod: fusion-workload-20
[INFO] Pod fusion-workload-20 matched profile: fusion (mongo=aws, pg=gcp)
[INFO] Get pod: fusion-workload-20
[INFO] Pod fusion-workload-20 matched profile: fusion (mongo=aws, pg=gcp)
[INFO] Get pod: fusion-workload-20
[INFO] Pod fusion-workload-20 matched profile: fusion (mongo=aws, pg=gcp)
[INFO] Start the Step thread...
[ENV] Step 35/100, action=node3
[ENV] Waiting for pod execution...
[INFO] Action for Pod fusion-workload-20 is: node3
[INFO] Start the Step thread...
[INFO] Get pod: fusion-workload-20
[INFO] This pod has been scheduled, action: node3
[INFO] Action for Pod fusion-workload-20 is: node3
[INFO] Start the Step thread...
[INFO] Action for Pod fusion-workload-20 is: node3
[ENV] State updated for step 35
[REWARD] action=2 mode=absolute avg_util=0.570 imbalance=0.240 comm_cost=0.627 reward=-0.032
[INFO] Exit the Step thread!
[ENV] Step 36/100, action=node3
[ENV] Waiting for pod execution...
[ENV] State updated for step 36
[REWARD] action=2 mode=absolute avg_util=0.607 imbalance=0.249 comm_cost=0.517 reward=0.013
[INFO] Exit the Step thread!
[ENV] Step 37/100, action=node3
[ENV] Waiting for pod execution...
[ENV] State updated for step 37
[REWARD] action=2 mode=absolute avg_util=0.562 imbalance=0.255 comm_cost=0.494 reward=-0.000
[INFO] Exit the Step thread!
[INFO] Get pod: fusion-workload-21
[INFO] Pod fusion-workload-21 matched profile: fusion (mongo=aws, pg=gcp)
[INFO] Get pod: fusion-workload-21
[INFO] Pod fusion-workload-21 matched profile: fusion (mongo=aws, pg=gcp)
[INFO] Start the Step thread...
[ENV] Step 38/100, action=node3
[ENV] Waiting for pod execution...
[INFO] Start the Step thread...
[INFO] Action for Pod fusion-workload-21 is: node3
[INFO] Action for Pod fusion-workload-21 is: node3
[INFO] Get pod: fusion-workload-21
[INFO] This pod has been scheduled, action: node3
[INFO] Get pod: fusion-workload-21
[INFO] This pod has been scheduled, action: node3
[ENV] State updated for step 38
[REWARD] action=2 mode=absolute avg_util=0.561 imbalance=0.242 comm_cost=0.522 reward=-0.005
[INFO] Exit the Step thread!
[ENV] Step 39/100, action=node3
[ENV] Waiting for pod execution...
[ENV] State updated for step 39
[REWARD] action=2 mode=absolute avg_util=0.561 imbalance=0.135 comm_cost=0.598 reward=0.005
[INFO] Exit the Step thread!
[INFO] Get pod: fusion-workload-22
[INFO] Pod fusion-workload-22 matched profile: fusion (mongo=aws, pg=gcp)
[INFO] Get pod: fusion-workload-22
[INFO] Pod fusion-workload-22 matched profile: fusion (mongo=aws, pg=gcp)
[INFO] Get pod: fusion-workload-22
[INFO] Pod fusion-workload-22 matched profile: fusion (mongo=aws, pg=gcp)
[INFO] Start the Step thread...
[ENV] Step 40/100, action=node3
[ENV] Waiting for pod execution...
[INFO] Get pod: fusion-workload-22
[INFO] This pod has been scheduled, action: node3
[INFO] Action for Pod fusion-workload-22 is: node3
[INFO] Start the Step thread...
[INFO] Action for Pod fusion-workload-22 is: node3
[INFO] Start the Step thread...
[INFO] Action for Pod fusion-workload-22 is: node3
[ENV] State updated for step 40
[REWARD] action=2 mode=absolute avg_util=0.601 imbalance=0.073 comm_cost=0.547 reward=0.054
[INFO] Exit the Step thread!
[ENV] Step 41/100, action=node3
[ENV] Waiting for pod execution...
[ENV] State updated for step 41
[REWARD] action=2 mode=absolute avg_util=0.582 imbalance=0.143 comm_cost=0.523 reward=0.033
[INFO] Exit the Step thread!
[ENV] Step 42/100, action=node3
[ENV] Waiting for pod execution...
[ENV] State updated for step 42
[REWARD] action=2 mode=absolute avg_util=0.528 imbalance=0.196 comm_cost=0.507 reward=0.000
[INFO] Exit the Step thread!
[INFO] Get pod: fusion-workload-23
[INFO] Pod fusion-workload-23 matched profile: fusion (mongo=aws, pg=gcp)
[INFO] Start the Step thread...
[ENV] Step 43/100, action=node3
[ENV] Waiting for pod execution...
[INFO] Get pod: fusion-workload-23
[INFO] This pod has been scheduled, action: node3
[INFO] Action for Pod fusion-workload-23 is: node3
[INFO] Get pod: fusion-workload-23
[INFO] This pod has been scheduled, action: node3
[INFO] Get pod: fusion-workload-23
[INFO] This pod has been scheduled, action: node3
[ENV] State updated for step 43
[REWARD] action=2 mode=absolute avg_util=0.570 imbalance=0.146 comm_cost=0.578 reward=0.011
[INFO] Exit the Step thread!
[INFO] Get pod: fusion-workload-24
[INFO] Pod fusion-workload-24 matched profile: fusion (mongo=aws, pg=gcp)
[INFO] Get pod: fusion-workload-24
[INFO] Pod fusion-workload-24 matched profile: fusion (mongo=aws, pg=gcp)
[INFO] Start the Step thread...
[ENV] Step 44/100, action=node2
[ENV] Waiting for pod execution...
[INFO] Action for Pod fusion-workload-24 is: node2
[INFO] Get pod: fusion-workload-24
[INFO] This pod has been scheduled, action: node2
[INFO] Get pod: fusion-workload-24
[INFO] This pod has been scheduled, action: node2
[INFO] Start the Step thread...
[INFO] Action for Pod fusion-workload-24 is: node3
[ENV] State updated for step 44
[REWARD] action=1 mode=absolute avg_util=0.541 imbalance=0.139 comm_cost=0.589 reward=-0.002
[INFO] Exit the Step thread!
[ENV] Step 45/100, action=node3
[ENV] Waiting for pod execution...
[ENV] State updated for step 45
[REWARD] action=2 mode=absolute avg_util=0.553 imbalance=0.084 comm_cost=0.555 reward=0.030
[INFO] Exit the Step thread!
[INFO] Get pod: fusion-workload-25
[INFO] Pod fusion-workload-25 matched profile: fusion (mongo=aws, pg=gcp)
[INFO] Get pod: fusion-workload-25
[INFO] Pod fusion-workload-25 matched profile: fusion (mongo=aws, pg=gcp)
[INFO] Get pod: fusion-workload-25
[INFO] This pod has been scheduled, action: node3
[INFO] Start the Step thread...
[ENV] Step 46/100, action=node3
[ENV] Waiting for pod execution...
[INFO] Get pod: fusion-workload-25
[INFO] This pod has been scheduled, action: node3
[INFO] Action for Pod fusion-workload-25 is: node3
[INFO] Start the Step thread...
[INFO] Action for Pod fusion-workload-25 is: node3
[ENV] State updated for step 46
[REWARD] action=2 mode=absolute avg_util=0.574 imbalance=0.176 comm_cost=0.497 reward=0.028
[INFO] Exit the Step thread!
[ENV] Step 47/100, action=node3
[ENV] Waiting for pod execution...
[INFO] Get pod: fusion-workload-24
[INFO] This pod has been scheduled, action: node3
[INFO] Get pod: fusion-workload-24
[INFO] This pod has been scheduled, action: node3
[INFO] Get pod: fusion-workload-24
[INFO] This pod has been scheduled, action: node3
[INFO] Get pod: fusion-workload-24
[INFO] This pod has been scheduled, action: node3
[ENV] State updated for step 47
[REWARD] action=2 mode=absolute avg_util=0.611 imbalance=0.199 comm_cost=0.586 reward=0.009
[INFO] Exit the Step thread!
[INFO] Get pod: fusion-workload-26
[INFO] Pod fusion-workload-26 matched profile: fusion (mongo=aws, pg=gcp)
[INFO] Get pod: fusion-workload-26
[INFO] Pod fusion-workload-26 matched profile: fusion (mongo=aws, pg=gcp)10.0.1.4 - - [18/May/2026 04:15:46] "POST /choose HTTP/1.1" 200 -
10.0.1.4 - - [18/May/2026 04:15:46] "POST /choose HTTP/1.1" 200 -
10.0.1.4 - - [18/May/2026 04:15:46] "POST /choose HTTP/1.1" 200 -
10.0.1.4 - - [18/May/2026 04:15:46] "POST /choose HTTP/1.1" 200 -
10.0.1.4 - - [18/May/2026 04:16:06] "POST /choose HTTP/1.1" 200 -
10.0.1.4 - - [18/May/2026 04:16:06] "POST /choose HTTP/1.1" 200 -
10.0.1.4 - - [18/May/2026 04:16:06] "POST /choose HTTP/1.1" 200 -
10.0.1.4 - - [18/May/2026 04:16:06] "POST /choose HTTP/1.1" 200 -
10.0.1.4 - - [18/May/2026 04:16:26] "POST /choose HTTP/1.1" 200 -
10.0.1.4 - - [18/May/2026 04:16:26] "POST /choose HTTP/1.1" 200 -
10.0.1.4 - - [18/May/2026 04:16:26] "POST /choose HTTP/1.1" 200 -
10.0.1.4 - - [18/May/2026 04:16:26] "POST /choose HTTP/1.1" 200 -
10.0.1.4 - - [18/May/2026 04:16:46] "POST /choose HTTP/1.1" 200 -
10.0.1.4 - - [18/May/2026 04:16:46] "POST /choose HTTP/1.1" 200 -
10.0.1.4 - - [18/May/2026 04:16:46] "POST /choose HTTP/1.1" 200 -
10.0.1.4 - - [18/May/2026 04:16:46] "POST /choose HTTP/1.1" 200 -
10.0.1.4 - - [18/May/2026 04:17:07] "POST /choose HTTP/1.1" 200 -
10.0.1.4 - - [18/May/2026 04:17:07] "POST /choose HTTP/1.1" 200 -
10.0.1.4 - - [18/May/2026 04:17:07] "POST /choose HTTP/1.1" 200 -
10.0.1.4 - - [18/May/2026 04:17:07] "POST /choose HTTP/1.1" 200 -
10.0.1.4 - - [18/May/2026 04:17:27] "POST /choose HTTP/1.1" 200 -
10.0.1.4 - - [18/May/2026 04:17:27] "POST /choose HTTP/1.1" 200 -
10.0.1.4 - - [18/May/2026 04:17:27] "POST /choose HTTP/1.1" 200 -
10.0.1.4 - - [18/May/2026 04:17:27] "POST /choose HTTP/1.1" 200 -
10.0.1.4 - - [18/May/2026 04:17:47] "POST /choose HTTP/1.1" 200 -
10.0.1.4 - - [18/May/2026 04:17:47] "POST /choose HTTP/1.1" 200 -
10.0.1.4 - - [18/May/2026 04:17:47] "POST /choose HTTP/1.1" 200 -

[INFO] Get pod: fusion-workload-26
[INFO] Pod fusion-workload-26 matched profile: fusion (mongo=aws, pg=gcp)
[INFO] Get pod: fusion-workload-26
[INFO] Pod fusion-workload-26 matched profile: fusion (mongo=aws, pg=gcp)
[INFO] Start the Step thread...
[ENV] Step 48/100, action=node3
[ENV] Waiting for pod execution...
[INFO] Start the Step thread...
[INFO] Action for Pod fusion-workload-26 is: node3
[INFO] Action for Pod fusion-workload-26 is: node3
[INFO] Start the Step thread...
[INFO] Action for Pod fusion-workload-26 is: node3
[INFO] Start the Step thread...
[INFO] Action for Pod fusion-workload-26 is: node3
[ENV] State updated for step 48
[REWARD] action=2 mode=absolute avg_util=0.573 imbalance=0.102 comm_cost=0.656 reward=0.002
[INFO] Exit the Step thread!
[ENV] Step 49/100, action=node3
[ENV] Waiting for pod execution...
[ENV] State updated for step 49
[REWARD] action=2 mode=absolute avg_util=0.605 imbalance=0.130 comm_cost=0.534 reward=0.043
[INFO] Exit the Step thread!
[ENV] Step 50/100, action=node3
[ENV] Waiting for pod execution...
[ENV] State updated for step 50
[REWARD] action=2 mode=absolute avg_util=0.551 imbalance=0.172 comm_cost=0.504 reward=0.018
[INFO] Exit the Step thread!
[ENV] Step 51/100, action=node3
[ENV] Waiting for pod execution...
[ENV] State updated for step 51
[REWARD] action=2 mode=absolute avg_util=0.544 imbalance=0.137 comm_cost=0.543 reward=0.014
[INFO] Exit the Step thread!
[INFO] Get pod: fusion-workload-27
[INFO] Pod fusion-workload-27 matched profile: fusion (mongo=aws, pg=gcp)
[INFO] Get pod: fusion-workload-27
[INFO] Pod fusion-workload-27 matched profile: fusion (mongo=aws, pg=gcp)
[INFO] Start the Step thread...
[ENV] Step 52/100, action=node3
[ENV] Waiting for pod execution...
[INFO] Action for Pod fusion-workload-27 is: node3
[INFO] Get pod: fusion-workload-27
[INFO] This pod has been scheduled, action: node3
[INFO] Start the Step thread...
[INFO] Get pod: fusion-workload-27
[INFO] This pod has been scheduled, action: node3
[INFO] Action for Pod fusion-workload-27 is: node3
[ENV] State updated for step 52
[REWARD] action=2 mode=absolute avg_util=0.606 imbalance=0.074 comm_cost=0.555 reward=0.054
[INFO] Exit the Step thread!
[ENV] Step 53/100, action=node3
[ENV] Waiting for pod execution...
[ENV] State updated for step 53
[REWARD] action=2 mode=absolute avg_util=0.589 imbalance=0.166 comm_cost=0.537 reward=0.025
[INFO] Exit the Step thread!
[INFO] Get pod: fusion-workload-28
[INFO] Pod fusion-workload-28 matched profile: fusion (mongo=aws, pg=gcp)
[INFO] Get pod: fusion-workload-28
[INFO] Pod fusion-workload-28 matched profile: fusion (mongo=aws, pg=gcp)
[INFO] Start the Step thread...
[ENV] Step 54/100, action=node2
[ENV] Waiting for pod execution...
[INFO] Action for Pod fusion-workload-28 is: node2
[INFO] Get pod: fusion-workload-28
[INFO] This pod has been scheduled, action: node3
[INFO] Start the Step thread...
[INFO] Action for Pod fusion-workload-28 is: node3
[INFO] Get pod: fusion-workload-28
[INFO] This pod has been scheduled, action: node3
[ENV] State updated for step 54
[REWARD] action=1 mode=absolute avg_util=0.608 imbalance=0.116 comm_cost=0.499 reward=0.059
[INFO] Exit the Step thread!
[ENV] Step 55/100, action=node3
[ENV] Waiting for pod execution...
[ENV] State updated for step 55
[REWARD] action=2 mode=absolute avg_util=0.616 imbalance=0.147 comm_cost=0.496 reward=0.054
[INFO] Exit the Step thread!
[INFO] Get pod: fusion-workload-29
[INFO] Pod fusion-workload-29 matched profile: fusion (mongo=aws, pg=gcp)
[INFO] Get pod: fusion-workload-29
[INFO] Pod fusion-workload-29 matched profile: fusion (mongo=aws, pg=gcp)
[INFO] Get pod: fusion-workload-29
[INFO] Pod fusion-workload-29 matched profile: fusion (mongo=aws, pg=gcp)
[INFO] Get pod: fusion-workload-29
[INFO] Pod fusion-workload-29 matched profile: fusion (mongo=aws, pg=gcp)
[INFO] Start the Step thread...
[ENV] Step 56/100, action=node1
[ENV] Waiting for pod execution...
[INFO] Action for Pod fusion-workload-29 is: node1
[INFO] Start the Step thread...
[INFO] Action for Pod fusion-workload-29 is: node3
[INFO] Start the Step thread...
[INFO] Action for Pod fusion-workload-29 is: node3
[INFO] Start the Step thread...
[INFO] Action for Pod fusion-workload-29 is: node3
[ENV] State updated for step 56
[REWARD] action=0 mode=absolute avg_util=0.592 imbalance=0.191 comm_cost=0.505 reward=0.028
[INFO] Exit the Step thread!
[ENV] Step 57/100, action=node3
[ENV] Waiting for pod execution...
[ENV] State updated for step 57
[REWARD] action=2 mode=absolute avg_util=0.590 imbalance=0.176 comm_cost=0.672 reward=-0.018
[INFO] Exit the Step thread!
[ENV] Step 58/100, action=node3
[ENV] Waiting for pod execution...
[ENV] State updated for step 58
[REWARD] action=2 mode=absolute avg_util=0.575 imbalance=0.087 comm_cost=0.563 reward=0.035
[INFO] Exit the Step thread!
[ENV] Step 59/100, action=node3
[ENV] Waiting for pod execution...
[ENV] State updated for step 59
[REWARD] action=2 mode=absolute avg_util=0.590 imbalance=0.024 comm_cost=0.505 reward=0.077
[INFO] Exit the Step thread!
[INFO] Get pod: fusion-workload-30
[INFO] Pod fusion-workload-30 matched profile: fusion (mongo=aws, pg=gcp)
[INFO] Get pod: fusion-workload-30
[INFO] Pod fusion-workload-30 matched profile: fusion (mongo=aws, pg=gcp)
[INFO] Start the Step thread...
[ENV] Step 60/100, action=node3
[ENV] Waiting for pod execution...
[INFO] Action for Pod fusion-workload-30 is: node3
[INFO] Get pod: fusion-workload-30
[INFO] This pod has been scheduled, action: node3
[INFO] Get pod: fusion-workload-30
[INFO] This pod has been scheduled, action: node3
[INFO] Start the Step thread...
[INFO] Action for Pod fusion-workload-30 is: node3
[ENV] State updated for step 60
[REWARD] action=2 mode=absolute avg_util=0.539 imbalance=0.219 comm_cost=0.550 reward=-0.015
[INFO] Exit the Step thread!
[ENV] Step 61/100, action=node3
[ENV] Waiting for pod execution...
[ENV] State updated for step 61
[REWARD] action=2 mode=absolute avg_util=0.578 imbalance=0.173 comm_cost=0.529 reward=0.021
[INFO] Exit the Step thread!
[INFO] Get pod: fusion-workload-31
[INFO] Pod fusion-workload-31 matched profile: fusion (mongo=aws, pg=gcp)
[INFO] Get pod: fusion-workload-31
[INFO] Pod fusion-workload-31 matched profile: fusion (mongo=aws, pg=gcp)
[INFO] Get pod: fusion-workload-31
[INFO] Pod fusion-workload-31 matched profile: fusion (mongo=aws, pg=gcp)
[INFO] Get pod: fusion-workload-31
[INFO] Pod fusion-workload-31 matched profile: fusion (mongo=aws, pg=gcp)
[INFO] Start the Step thread...
[ENV] Step 62/100, action=node3
[ENV] Waiting for pod execution...
[INFO] Action for Pod fusion-workload-31 is: node3
[INFO] Start the Step thread...
[INFO] Start the Step thread...
[INFO] Start the Step thread...
[INFO] Action for Pod fusion-workload-31 is: node3
[INFO] Action for Pod fusion-workload-31 is: node3
[INFO] Action for Pod fusion-workload-31 is: node3
[ENV] State updated for step 62
[REWARD] action=2 mode=absolute avg_util=0.600 imbalance=0.141 comm_cost=0.589 reward=0.021
[INFO] Exit the Step thread!
[ENV] Step 63/100, action=node3
[ENV] Waiting for pod execution...
[ENV] State updated for step 63
[REWARD] action=2 mode=absolute avg_util=0.559 imbalance=0.199 comm_cost=0.515 reward=0.009
[INFO] Exit the Step thread!
[ENV] Step 64/100, action=node3
[ENV] Waiting for pod execution...
[ENV] State updated for step 64
[REWARD] action=2 mode=absolute avg_util=0.577 imbalance=0.077 comm_cost=0.591 reward=0.030
[INFO] Exit the Step thread!
[ENV] Step 65/100, action=node3
[ENV] Waiting for pod execution...
[ENV] State updated for step 65
[REWARD] action=2 mode=absolute avg_util=0.555 imbalance=0.124 comm_cost=0.585 reward=0.009
[INFO] Exit the Step thread!
[INFO] Get pod: fusion-workload-32
[INFO] Pod fusion-workload-32 matched profile: fusion (mongo=aws, pg=gcp)
[INFO] Get pod: fusion-workload-32
[INFO] This pod has been scheduled, action: node3
[INFO] Get pod: fusion-workload-32
[INFO] This pod has been scheduled, action: node3
[INFO] Get pod: fusion-workload-32
[INFO] This pod has been scheduled, action: node3
[INFO] Start the Step thread...
[ENV] Step 66/100, action=node3
[ENV] Waiting for pod execution...
[INFO] Action for Pod fusion-workload-32 is: node310.0.1.4 - - [18/May/2026 04:17:47] "POST /choose HTTP/1.1" 200 -
10.0.1.4 - - [18/May/2026 04:18:07] "POST /choose HTTP/1.1" 200 -
10.0.1.4 - - [18/May/2026 04:18:07] "POST /choose HTTP/1.1" 200 -
10.0.1.4 - - [18/May/2026 04:18:07] "POST /choose HTTP/1.1" 200 -
10.0.1.4 - - [18/May/2026 04:18:07] "POST /choose HTTP/1.1" 200 -
10.0.1.4 - - [18/May/2026 04:18:28] "POST /choose HTTP/1.1" 200 -
10.0.1.4 - - [18/May/2026 04:18:28] "POST /choose HTTP/1.1" 200 -
10.0.1.4 - - [18/May/2026 04:18:28] "POST /choose HTTP/1.1" 200 -
10.0.1.4 - - [18/May/2026 04:18:28] "POST /choose HTTP/1.1" 200 -
10.0.1.4 - - [18/May/2026 04:18:48] "POST /choose HTTP/1.1" 200 -
10.0.1.4 - - [18/May/2026 04:18:48] "POST /choose HTTP/1.1" 200 -
10.0.1.4 - - [18/May/2026 04:18:48] "POST /choose HTTP/1.1" 200 -
10.0.1.4 - - [18/May/2026 04:18:48] "POST /choose HTTP/1.1" 200 -
10.0.1.4 - - [18/May/2026 04:19:08] "POST /choose HTTP/1.1" 200 -
10.0.1.4 - - [18/May/2026 04:19:08] "POST /choose HTTP/1.1" 200 -
10.0.1.4 - - [18/May/2026 04:19:08] "POST /choose HTTP/1.1" 200 -
10.0.1.4 - - [18/May/2026 04:19:08] "POST /choose HTTP/1.1" 200 -
10.0.1.4 - - [18/May/2026 04:19:28] "POST /choose HTTP/1.1" 200 -
10.0.1.4 - - [18/May/2026 04:19:28] "POST /choose HTTP/1.1" 200 -
10.0.1.4 - - [18/May/2026 04:19:28] "POST /choose HTTP/1.1" 200 -
10.0.1.4 - - [18/May/2026 04:19:28] "POST /choose HTTP/1.1" 200 -
10.0.1.4 - - [18/May/2026 04:19:49] "POST /choose HTTP/1.1" 200 -
10.0.1.4 - - [18/May/2026 04:19:49] "POST /choose HTTP/1.1" 200 -
10.0.1.4 - - [18/May/2026 04:19:49] "POST /choose HTTP/1.1" 200 -
10.0.1.4 - - [18/May/2026 04:19:49] "POST /choose HTTP/1.1" 200 -
10.0.1.4 - - [18/May/2026 04:20:09] "POST /choose HTTP/1.1" 200 -
10.0.1.4 - - [18/May/2026 04:20:09] "POST /choose HTTP/1.1" 200 -
10.0.1.4 - - [18/May/2026 04:20:09] "POST /choose HTTP/1.1" 200 -
10.0.1.4 - - [18/May/2026 04:20:09] "POST /choose HTTP/1.1" 200 -

[ENV] State updated for step 66
[REWARD] action=2 mode=absolute avg_util=0.588 imbalance=0.116 comm_cost=0.522 reward=0.044
[INFO] Exit the Step thread!
[INFO] Get pod: fusion-workload-33
[INFO] Pod fusion-workload-33 matched profile: fusion (mongo=aws, pg=gcp)
[INFO] Get pod: fusion-workload-33
[INFO] Pod fusion-workload-33 matched profile: fusion (mongo=aws, pg=gcp)
[INFO] Get pod: fusion-workload-33
[INFO] Pod fusion-workload-33 matched profile: fusion (mongo=aws, pg=gcp)
[INFO] Get pod: fusion-workload-33
[INFO] Pod fusion-workload-33 matched profile: fusion (mongo=aws, pg=gcp)
[INFO] Start the Step thread...
[ENV] Step 67/100, action=node3
[ENV] Waiting for pod execution...
[INFO] Action for Pod fusion-workload-33 is: node3
[INFO] Start the Step thread...
[INFO] Start the Step thread...
[INFO] Action for Pod fusion-workload-33 is: node2
[INFO] Action for Pod fusion-workload-33 is: node3
[INFO] Start the Step thread...
[INFO] Action for Pod fusion-workload-33 is: node3
[ENV] State updated for step 67
[REWARD] action=2 mode=absolute avg_util=0.599 imbalance=0.114 comm_cost=0.569 reward=0.035
[INFO] Exit the Step thread!
[ENV] Step 68/100, action=node2
[ENV] Waiting for pod execution...
[ENV] State updated for step 68
[REWARD] action=1 mode=absolute avg_util=0.574 imbalance=0.205 comm_cost=0.559 reward=0.001
[INFO] Exit the Step thread!
[ENV] Step 69/100, action=node3
[ENV] Waiting for pod execution...
[ENV] State updated for step 69
[REWARD] action=2 mode=absolute avg_util=0.568 imbalance=0.122 comm_cost=0.502 reward=0.040
[INFO] Exit the Step thread!
[ENV] Step 70/100, action=node3
[ENV] Waiting for pod execution...
[ENV] State updated for step 70
[REWARD] action=2 mode=absolute avg_util=0.579 imbalance=0.033 comm_cost=0.516 reward=0.067
[INFO] Exit the Step thread!
[INFO] Get pod: fusion-workload-34
[INFO] Pod fusion-workload-34 matched profile: fusion (mongo=aws, pg=gcp)
[INFO] Get pod: fusion-workload-34
[INFO] Pod fusion-workload-34 matched profile: fusion (mongo=aws, pg=gcp)
[INFO] Start the Step thread...
[ENV] Step 71/100, action=node1
[ENV] Waiting for pod execution...
[INFO] Get pod: fusion-workload-34
[INFO] This pod has been scheduled, action: node1
[INFO] Action for Pod fusion-workload-34 is: node1
[INFO] Start the Step thread...
[INFO] Action for Pod fusion-workload-34 is: node3
[INFO] Get pod: fusion-workload-34
[INFO] This pod has been scheduled, action: node3
[ENV] State updated for step 71
[REWARD] action=0 mode=absolute avg_util=0.583 imbalance=0.097 comm_cost=0.535 reward=0.044
[INFO] Exit the Step thread!
[ENV] Step 72/100, action=node3
[ENV] Waiting for pod execution...
[ENV] State updated for step 72
[REWARD] action=2 mode=absolute avg_util=0.572 imbalance=0.219 comm_cost=0.529 reward=0.004
[INFO] Exit the Step thread!
[INFO] Get pod: fusion-workload-35
[INFO] Pod fusion-workload-35 matched profile: fusion (mongo=aws, pg=gcp)
[INFO] Get pod: fusion-workload-35
[INFO] Pod fusion-workload-35 matched profile: fusion (mongo=aws, pg=gcp)
[INFO] Start the Step thread...
[ENV] Step 73/100, action=node3
[ENV] Waiting for pod execution...
[INFO] Get pod: fusion-workload-35
[INFO] This pod has been scheduled, action: node3
[INFO] Action for Pod fusion-workload-35 is: node3
[INFO] Get pod: fusion-workload-35
[INFO] This pod has been scheduled, action: node3
[INFO] Start the Step thread...
[INFO] Action for Pod fusion-workload-35 is: node3
[ENV] State updated for step 73
[REWARD] action=2 mode=absolute avg_util=0.589 imbalance=0.185 comm_cost=0.503 reward=0.029
[INFO] Exit the Step thread!
[ENV] Step 74/100, action=node3
[ENV] Waiting for pod execution...
[ENV] State updated for step 74
[REWARD] action=2 mode=absolute avg_util=0.617 imbalance=0.206 comm_cost=0.493 reward=0.037
[INFO] Exit the Step thread!
[INFO] Get pod: fusion-workload-36
[INFO] Pod fusion-workload-36 matched profile: fusion (mongo=aws, pg=gcp)
[INFO] Get pod: fusion-workload-36
[INFO] Pod fusion-workload-36 matched profile: fusion (mongo=aws, pg=gcp)
[INFO] Get pod: fusion-workload-36
[INFO] Pod fusion-workload-36 matched profile: fusion (mongo=aws, pg=gcp)
[INFO] Start the Step thread...
[ENV] Step 75/100, action=node3
[ENV] Waiting for pod execution...
[INFO] Get pod: fusion-workload-36
[INFO] This pod has been scheduled, action: node3
[INFO] Action for Pod fusion-workload-36 is: node3
[INFO] Start the Step thread...
[INFO] Action for Pod fusion-workload-36 is: node3
[INFO] Start the Step thread...
[INFO] Action for Pod fusion-workload-36 is: node3
[ENV] State updated for step 75
[REWARD] action=2 mode=absolute avg_util=0.621 imbalance=0.154 comm_cost=0.575 reward=0.030
[INFO] Exit the Step thread!
[ENV] Step 76/100, action=node3
[ENV] Waiting for pod execution...
[ENV] State updated for step 76
[REWARD] action=2 mode=absolute avg_util=0.577 imbalance=0.245 comm_cost=0.553 reward=-0.009
[INFO] Exit the Step thread!
[ENV] Step 77/100, action=node3
[ENV] Waiting for pod execution...
[ENV] State updated for step 77
[REWARD] action=2 mode=absolute avg_util=0.585 imbalance=0.096 comm_cost=0.483 reward=0.060
[INFO] Exit the Step thread!
[INFO] Get pod: fusion-workload-37
[INFO] Pod fusion-workload-37 matched profile: fusion (mongo=aws, pg=gcp)
[INFO] Get pod: fusion-workload-37
[INFO] Pod fusion-workload-37 matched profile: fusion (mongo=aws, pg=gcp)
[INFO] Get pod: fusion-workload-37
[INFO] Pod fusion-workload-37 matched profile: fusion (mongo=aws, pg=gcp)
[INFO] Get pod: fusion-workload-37
[INFO] Pod fusion-workload-37 matched profile: fusion (mongo=aws, pg=gcp)
[INFO] Start the Step thread...
[ENV] Step 78/100, action=node1
[ENV] Waiting for pod execution...
[INFO] Action for Pod fusion-workload-37 is: node1
[INFO] Start the Step thread...
[INFO] Action for Pod fusion-workload-37 is: node3
[INFO] Start the Step thread...
[INFO] Start the Step thread...
[INFO] Action for Pod fusion-workload-37 is: node3
[INFO] Action for Pod fusion-workload-37 is: node3
[ENV] State updated for step 78
[REWARD] action=0 mode=absolute avg_util=0.637 imbalance=0.129 comm_cost=0.558 reward=0.048
[INFO] Exit the Step thread!
[ENV] Step 79/100, action=node3
[ENV] Waiting for pod execution...
[ENV] State updated for step 79
[REWARD] action=2 mode=absolute avg_util=0.621 imbalance=0.210 comm_cost=0.469 reward=0.045
[INFO] Exit the Step thread!
[ENV] Step 80/100, action=node3
[ENV] Waiting for pod execution...
[ENV] State updated for step 80
[REWARD] action=2 mode=absolute avg_util=0.593 imbalance=0.147 comm_cost=0.556 reward=0.026
[INFO] Exit the Step thread!
[ENV] Step 81/100, action=node3
[ENV] Waiting for pod execution...
[ENV] State updated for step 81
[REWARD] action=2 mode=absolute avg_util=0.575 imbalance=0.150 comm_cost=0.589 reward=0.008
[INFO] Exit the Step thread!
[INFO] Get pod: fusion-workload-38
[INFO] Pod fusion-workload-38 matched profile: fusion (mongo=aws, pg=gcp)
[INFO] Start the Step thread...
[ENV] Step 82/100, action=node3
[ENV] Waiting for pod execution...
[INFO] Get pod: fusion-workload-38
[INFO] This pod has been scheduled, action: node3
[INFO] Get pod: fusion-workload-38
[INFO] This pod has been scheduled, action: node3
[INFO] Action for Pod fusion-workload-38 is: node3
[INFO] Get pod: fusion-workload-38
[INFO] This pod has been scheduled, action: node3
[ENV] State updated for step 82
[REWARD] action=2 mode=absolute avg_util=0.622 imbalance=0.199 comm_cost=0.531 reward=0.030
[INFO] Exit the Step thread!
[INFO] Get pod: fusion-workload-39
[INFO] Pod fusion-workload-39 matched profile: fusion (mongo=aws, pg=gcp)
[INFO] Get pod: fusion-workload-39
[INFO] Pod fusion-workload-39 matched profile: fusion (mongo=aws, pg=gcp)
[INFO] Get pod: fusion-workload-39
[INFO] Pod fusion-workload-39 matched profile: fusion (mongo=aws, pg=gcp)
[INFO] Start the Step thread...
[ENV] Step 83/100, action=node3
[ENV] Waiting for pod execution...
[INFO] Get pod: fusion-workload-39
[INFO] This pod has been scheduled, action: node3
[INFO] Action for Pod fusion-workload-39 is: node3
[INFO] Start the Step thread...
[INFO] Action for Pod fusion-workload-39 is: node3
[INFO] Start the Step thread...
[INFO] Action for Pod fusion-workload-39 is: node3
[ENV] State updated for step 83
[REWARD] action=2 mode=absolute avg_util=0.598 imbalance=0.100 comm_cost=0.560 reward=0.04110.0.1.4 - - [18/May/2026 04:20:29] "POST /choose HTTP/1.1" 200 -
10.0.1.4 - - [18/May/2026 04:20:29] "POST /choose HTTP/1.1" 200 -
10.0.1.4 - - [18/May/2026 04:20:29] "POST /choose HTTP/1.1" 200 -
10.0.1.4 - - [18/May/2026 04:20:29] "POST /choose HTTP/1.1" 200 -
10.0.1.4 - - [18/May/2026 04:20:49] "POST /choose HTTP/1.1" 200 -
10.0.1.4 - - [18/May/2026 04:20:49] "POST /choose HTTP/1.1" 200 -
10.0.1.4 - - [18/May/2026 04:20:49] "POST /choose HTTP/1.1" 200 -
10.0.1.4 - - [18/May/2026 04:20:49] "POST /choose HTTP/1.1" 200 -
10.0.1.4 - - [18/May/2026 04:21:10] "POST /choose HTTP/1.1" 200 -
10.0.1.4 - - [18/May/2026 04:21:10] "POST /choose HTTP/1.1" 200 -
10.0.1.4 - - [18/May/2026 04:21:10] "POST /choose HTTP/1.1" 200 -
10.0.1.4 - - [18/May/2026 04:21:10] "POST /choose HTTP/1.1" 200 -
10.0.1.4 - - [18/May/2026 04:21:30] "POST /choose HTTP/1.1" 200 -
10.0.1.4 - - [18/May/2026 04:21:30] "POST /choose HTTP/1.1" 200 -
10.0.1.4 - - [18/May/2026 04:21:30] "POST /choose HTTP/1.1" 200 -
10.0.1.4 - - [18/May/2026 04:21:30] "POST /choose HTTP/1.1" 200 -
10.0.1.4 - - [18/May/2026 04:21:50] "POST /choose HTTP/1.1" 200 -
10.0.1.4 - - [18/May/2026 04:21:50] "POST /choose HTTP/1.1" 200 -
10.0.1.4 - - [18/May/2026 04:21:50] "POST /choose HTTP/1.1" 200 -
10.0.1.4 - - [18/May/2026 04:21:50] "POST /choose HTTP/1.1" 200 -
10.0.1.4 - - [18/May/2026 04:22:10] "POST /choose HTTP/1.1" 200 -
10.0.1.4 - - [18/May/2026 04:22:10] "POST /choose HTTP/1.1" 200 -
10.0.1.4 - - [18/May/2026 04:22:10] "POST /choose HTTP/1.1" 200 -
10.0.1.4 - - [18/May/2026 04:22:10] "POST /choose HTTP/1.1" 200 -
10.0.1.4 - - [18/May/2026 04:22:31] "POST /choose HTTP/1.1" 200 -
10.0.1.4 - - [18/May/2026 04:22:31] "POST /choose HTTP/1.1" 200 -
10.0.1.4 - - [18/May/2026 04:22:31] "POST /choose HTTP/1.1" 200 -
10.0.1.4 - - [18/May/2026 04:22:31] "POST /choose HTTP/1.1" 200 -
10.0.1.4 - - [18/May/2026 04:22:51] "POST /choose HTTP/1.1" 200 -
10.0.1.4 - - [18/May/2026 04:22:51] "POST /choose HTTP/1.1" 200 -
10.0.1.4 - - [18/May/2026 04:22:51] "POST /choose HTTP/1.1" 200 -

[INFO] Exit the Step thread!
[ENV] Step 84/100, action=node3
[ENV] Waiting for pod execution...
[ENV] State updated for step 84
[REWARD] action=2 mode=absolute avg_util=0.635 imbalance=0.171 comm_cost=0.536 reward=0.042
[INFO] Exit the Step thread!
[ENV] Step 85/100, action=node3
[ENV] Waiting for pod execution...
[ENV] State updated for step 85
[REWARD] action=2 mode=absolute avg_util=0.601 imbalance=0.174 comm_cost=0.556 reward=0.021
[INFO] Exit the Step thread!
[INFO] Get pod: fusion-workload-40
[INFO] Pod fusion-workload-40 matched profile: fusion (mongo=aws, pg=gcp)
[INFO] Start the Step thread...
[ENV] Step 86/100, action=node3
[ENV] Waiting for pod execution...
[INFO] Get pod: fusion-workload-40
[INFO] This pod has been scheduled, action: node3
[INFO] Action for Pod fusion-workload-40 is: node3
[INFO] Get pod: fusion-workload-40
[INFO] This pod has been scheduled, action: node3
[INFO] Get pod: fusion-workload-40
[INFO] This pod has been scheduled, action: node3
[ENV] State updated for step 86
[REWARD] action=2 mode=absolute avg_util=0.599 imbalance=0.126 comm_cost=0.538 reward=0.041
[INFO] Exit the Step thread!
[INFO] Get pod: fusion-workload-41
[INFO] Pod fusion-workload-41 matched profile: fusion (mongo=aws, pg=gcp)
[INFO] Start the Step thread...
[ENV] Step 87/100, action=node3
[ENV] Waiting for pod execution...
[INFO] Get pod: fusion-workload-41
[INFO] This pod has been scheduled, action: node3
[INFO] Action for Pod fusion-workload-41 is: node3
[INFO] Get pod: fusion-workload-41
[INFO] This pod has been scheduled, action: node3
[INFO] Get pod: fusion-workload-41
[INFO] This pod has been scheduled, action: node3
[ENV] State updated for step 87
[REWARD] action=2 mode=absolute avg_util=0.616 imbalance=0.200 comm_cost=0.548 reward=0.022
[INFO] Exit the Step thread!
[INFO] Get pod: fusion-workload-42
[INFO] Pod fusion-workload-42 matched profile: fusion (mongo=aws, pg=gcp)
[INFO] Start the Step thread...
[ENV] Step 88/100, action=node3
[ENV] Waiting for pod execution...
[INFO] Action for Pod fusion-workload-42 is: node3
[INFO] Get pod: fusion-workload-42
[INFO] This pod has been scheduled, action: node3
[INFO] Get pod: fusion-workload-42
[INFO] This pod has been scheduled, action: node3
[INFO] Get pod: fusion-workload-42
[INFO] This pod has been scheduled, action: node3
[ENV] State updated for step 88
[REWARD] action=2 mode=absolute avg_util=0.600 imbalance=0.053 comm_cost=0.622 reward=0.037
[INFO] Exit the Step thread!
[INFO] Get pod: fusion-workload-43
[INFO] Pod fusion-workload-43 matched profile: fusion (mongo=aws, pg=gcp)
[INFO] Get pod: fusion-workload-43
[INFO] Pod fusion-workload-43 matched profile: fusion (mongo=aws, pg=gcp)
[INFO] Get pod: fusion-workload-43
[INFO] Pod fusion-workload-43 matched profile: fusion (mongo=aws, pg=gcp)
[INFO] Get pod: fusion-workload-43
[INFO] Pod fusion-workload-43 matched profile: fusion (mongo=aws, pg=gcp)
[INFO] Start the Step thread...
[ENV] Step 89/100, action=node3
[ENV] Waiting for pod execution...
[INFO] Start the Step thread...
[INFO] Start the Step thread...
[INFO] Action for Pod fusion-workload-43 is: node3
[INFO] Action for Pod fusion-workload-43 is: node3
[INFO] Action for Pod fusion-workload-43 is: node3
[INFO] Start the Step thread...
[INFO] Action for Pod fusion-workload-43 is: node3
[ENV] State updated for step 89
[REWARD] action=2 mode=absolute avg_util=0.588 imbalance=0.238 comm_cost=0.534 reward=0.003
[INFO] Exit the Step thread!
[ENV] Step 90/100, action=node3
[ENV] Waiting for pod execution...
[ENV] State updated for step 90
[REWARD] action=2 mode=absolute avg_util=0.597 imbalance=0.217 comm_cost=0.509 reward=0.021
[INFO] Exit the Step thread!
[ENV] Step 91/100, action=node3
[ENV] Waiting for pod execution...
[ENV] State updated for step 91
[REWARD] action=2 mode=absolute avg_util=0.552 imbalance=0.142 comm_cost=0.591 reward=0.001
[INFO] Exit the Step thread!
[ENV] Step 92/100, action=node3
[ENV] Waiting for pod execution...
[ENV] State updated for step 92
[REWARD] action=2 mode=absolute avg_util=0.577 imbalance=0.107 comm_cost=0.547 reward=0.035
[INFO] Exit the Step thread!
[INFO] Get pod: fusion-workload-44
[INFO] Pod fusion-workload-44 matched profile: fusion (mongo=aws, pg=gcp)
[INFO] Start the Step thread...
[ENV] Step 93/100, action=node1
[ENV] Waiting for pod execution...
[INFO] Action for Pod fusion-workload-44 is: node1
[INFO] Get pod: fusion-workload-44
[INFO] This pod has been scheduled, action: node1
[INFO] Get pod: fusion-workload-44
[INFO] This pod has been scheduled, action: node1
[INFO] Get pod: fusion-workload-44
[INFO] This pod has been scheduled, action: node1
[ENV] State updated for step 93
[REWARD] action=0 mode=absolute avg_util=0.597 imbalance=0.097 comm_cost=0.528 reward=0.051
[INFO] Exit the Step thread!
[INFO] Get pod: fusion-workload-45
[INFO] Pod fusion-workload-45 matched profile: fusion (mongo=aws, pg=gcp)
[INFO] Get pod: fusion-workload-45
[INFO] Pod fusion-workload-45 matched profile: fusion (mongo=aws, pg=gcp)
[INFO] Get pod: fusion-workload-45
[INFO] Pod fusion-workload-45 matched profile: fusion (mongo=aws, pg=gcp)
[INFO] Get pod: fusion-workload-45
[INFO] Pod fusion-workload-45 matched profile: fusion (mongo=aws, pg=gcp)
[INFO] Start the Step thread...
[ENV] Step 94/100, action=node3
[ENV] Waiting for pod execution...
[INFO] Action for Pod fusion-workload-45 is: node3
[INFO] Start the Step thread...
[INFO] Action for Pod fusion-workload-45 is: node3
[INFO] Start the Step thread...
[INFO] Start the Step thread...
[INFO] Action for Pod fusion-workload-45 is: node3
[INFO] Action for Pod fusion-workload-45 is: node3
[ENV] State updated for step 94
[REWARD] action=2 mode=absolute avg_util=0.596 imbalance=0.104 comm_cost=0.521 reward=0.051
[INFO] Exit the Step thread!
[ENV] Step 95/100, action=node3
[ENV] Waiting for pod execution...
[ENV] State updated for step 95
[REWARD] action=2 mode=absolute avg_util=0.585 imbalance=0.232 comm_cost=0.548 reward=0.000
[INFO] Exit the Step thread!
[ENV] Step 96/100, action=node3
[ENV] Waiting for pod execution...
[ENV] State updated for step 96
[REWARD] action=2 mode=absolute avg_util=0.582 imbalance=0.123 comm_cost=0.524 reward=0.039
[INFO] Exit the Step thread!
[ENV] Step 97/100, action=node3
[ENV] Waiting for pod execution...
[ENV] State updated for step 97
[REWARD] action=2 mode=absolute avg_util=0.593 imbalance=0.037 comm_cost=0.526 reward=0.068
[INFO] Exit the Step thread!
[INFO] Get pod: fusion-workload-46
[INFO] Pod fusion-workload-46 matched profile: fusion (mongo=aws, pg=gcp)
[INFO] Get pod: fusion-workload-46
[INFO] Pod fusion-workload-46 matched profile: fusion (mongo=aws, pg=gcp)
[INFO] Start the Step thread...
[ENV] Step 98/100, action=node3
[ENV] Waiting for pod execution...
[INFO] Get pod: fusion-workload-46
[INFO] This pod has been scheduled, action: node3
[INFO] Get pod: fusion-workload-46
[INFO] This pod has been scheduled, action: node3
[INFO] Action for Pod fusion-workload-46 is: node3
[INFO] Start the Step thread...
[INFO] Action for Pod fusion-workload-46 is: node3
[ENV] State updated for step 98
[REWARD] action=2 mode=absolute avg_util=0.554 imbalance=0.152 comm_cost=0.541 reward=0.014
[INFO] Exit the Step thread!
[ENV] Step 99/100, action=node3
[ENV] Waiting for pod execution...
[ENV] State updated for step 99
[REWARD] action=2 mode=absolute avg_util=0.563 imbalance=0.141 comm_cost=0.660 reward=-0.015
[INFO] Exit the Step thread!
[INFO] Get pod: fusion-workload-47
[INFO] Pod fusion-workload-47 matched profile: fusion (mongo=aws, pg=gcp)
[INFO] Get pod: fusion-workload-47
[INFO] Pod fusion-workload-47 matched profile: fusion (mongo=aws, pg=gcp)
[INFO] Get pod: fusion-workload-47
[INFO] Pod fusion-workload-47 matched profile: fusion (mongo=aws, pg=gcp)
[INFO] Get pod: fusion-workload-47
[INFO] Pod fusion-workload-47 matched profile: fusion (mongo=aws, pg=gcp)
[INFO] Start the Step thread...
[ENV] Step 100/100, action=node3
[ENV] Waiting for pod execution...
[INFO] Action for Pod fusion-workload-47 is: node3
[INFO] Start the Step thread...
[INFO] Action for Pod fusion-workload-47 is: node3
[INFO] Start the Step thread...
[INFO] Action for Pod fusion-workload-47 is: node3
[INFO] Start the Step thread...10.0.1.4 - - [18/May/2026 04:22:51] "POST /choose HTTP/1.1" 200 -
10.0.1.4 - - [18/May/2026 04:23:11] "POST /choose HTTP/1.1" 200 -
10.0.1.4 - - [18/May/2026 04:23:11] "POST /choose HTTP/1.1" 200 -
10.0.1.4 - - [18/May/2026 04:23:11] "POST /choose HTTP/1.1" 200 -
10.0.1.4 - - [18/May/2026 04:23:11] "POST /choose HTTP/1.1" 200 -
10.0.1.4 - - [18/May/2026 04:23:31] "POST /choose HTTP/1.1" 200 -
10.0.1.4 - - [18/May/2026 04:23:31] "POST /choose HTTP/1.1" 200 -
10.0.1.4 - - [18/May/2026 04:23:31] "POST /choose HTTP/1.1" 200 -
10.0.1.4 - - [18/May/2026 04:23:31] "POST /choose HTTP/1.1" 200 -
10.0.1.4 - - [18/May/2026 04:23:52] "POST /choose HTTP/1.1" 200 -
10.0.1.4 - - [18/May/2026 04:23:52] "POST /choose HTTP/1.1" 200 -
10.0.1.4 - - [18/May/2026 04:23:52] "POST /choose HTTP/1.1" 200 -
10.0.1.4 - - [18/May/2026 04:23:52] "POST /choose HTTP/1.1" 200 -
10.0.1.4 - - [18/May/2026 04:24:12] "POST /choose HTTP/1.1" 200 -
10.0.1.4 - - [18/May/2026 04:24:12] "POST /choose HTTP/1.1" 200 -
10.0.1.4 - - [18/May/2026 04:24:12] "POST /choose HTTP/1.1" 200 -
10.0.1.4 - - [18/May/2026 04:24:12] "POST /choose HTTP/1.1" 200 -
10.0.1.4 - - [18/May/2026 04:24:32] "POST /choose HTTP/1.1" 200 -
10.0.1.4 - - [18/May/2026 04:24:32] "POST /choose HTTP/1.1" 200 -
10.0.1.4 - - [18/May/2026 04:24:32] "POST /choose HTTP/1.1" 200 -
10.0.1.4 - - [18/May/2026 04:24:32] "POST /choose HTTP/1.1" 200 -
10.0.1.4 - - [18/May/2026 04:24:52] "POST /choose HTTP/1.1" 200 -
10.0.1.4 - - [18/May/2026 04:24:52] "POST /choose HTTP/1.1" 200 -
10.0.1.4 - - [18/May/2026 04:24:52] "POST /choose HTTP/1.1" 200 -
10.0.1.4 - - [18/May/2026 04:24:52] "POST /choose HTTP/1.1" 200 -
10.0.1.4 - - [18/May/2026 04:24:58] "POST /choose HTTP/1.1" 200 -
10.0.1.4 - - [18/May/2026 04:24:58] "POST /choose HTTP/1.1" 200 -
10.0.1.4 - - [18/May/2026 04:24:58] "POST /choose HTTP/1.1" 200 -
10.0.1.4 - - [18/May/2026 04:24:58] "POST /choose HTTP/1.1" 200 -
[INFO] Action for Pod fusion-workload-47 is: node3

[ENV] State updated for step 100
[REWARD] action=2 mode=absolute avg_util=0.604 imbalance=0.163 comm_cost=0.565 reward=0.023
[INFO] Exit the Step thread!
[ENV] Step 1/100, action=node3
[ENV] Waiting for pod execution...
[ENV] State updated for step 1
[REWARD] action=2 mode=absolute avg_util=0.592 imbalance=0.204 comm_cost=0.647 reward=-0.018
[INFO] Exit the Step thread!
[ENV] Step 2/100, action=node3
[ENV] Waiting for pod execution...
[ENV] State updated for step 2
[REWARD] action=2 mode=absolute avg_util=0.524 imbalance=0.174 comm_cost=0.569 reward=-0.013
[INFO] Exit the Step thread!
[ENV] Step 3/100, action=node3
[ENV] Waiting for pod execution...
[ENV] State updated for step 3
[REWARD] action=2 mode=absolute avg_util=0.585 imbalance=0.110 comm_cost=0.610 reward=0.018
[INFO] Exit the Step thread!
[INFO] Get pod: fusion-workload-48
[INFO] Pod fusion-workload-48 matched profile: fusion (mongo=aws, pg=gcp)
[INFO] Get pod: fusion-workload-48
[INFO] This pod has been scheduled, action: node3
[INFO] Start the Step thread...
[ENV] Step 4/100, action=node3
[ENV] Waiting for pod execution...
[INFO] Get pod: fusion-workload-48
[INFO] This pod has been scheduled, action: node3
[INFO] Action for Pod fusion-workload-48 is: node3
[INFO] Get pod: fusion-workload-48
[INFO] This pod has been scheduled, action: node3
[ENV] State updated for step 4
[REWARD] action=2 mode=absolute avg_util=0.621 imbalance=0.118 comm_cost=0.541 reward=0.050
[INFO] Exit the Step thread!
[INFO] Get pod: fusion-workload-49
[INFO] Pod fusion-workload-49 matched profile: fusion (mongo=aws, pg=gcp)
[INFO] Start the Step thread...
[ENV] Step 5/100, action=node4
[ENV] Waiting for pod execution...
[INFO] Action for Pod fusion-workload-49 is: node4
[INFO] Get pod: fusion-workload-49
[INFO] This pod has been scheduled, action: node4
[INFO] Get pod: fusion-workload-49
[INFO] This pod has been scheduled, action: node4
[INFO] Get pod: fusion-workload-49
[INFO] This pod has been scheduled, action: node4
[ENV] State updated for step 5
[REWARD] action=3 mode=absolute avg_util=0.607 imbalance=0.140 comm_cost=0.499 reward=0.051
[INFO] Exit the Step thread!
[INFO] Get pod: fusion-workload-50
[INFO] Pod fusion-workload-50 matched profile: fusion (mongo=aws, pg=gcp)
[INFO] Get pod: fusion-workload-50
[INFO] Pod fusion-workload-50 matched profile: fusion (mongo=aws, pg=gcp)
[INFO] Get pod: fusion-workload-50
[INFO] This pod has been scheduled, action: node1
[INFO] Start the Step thread...
[ENV] Step 6/100, action=node1
[ENV] Waiting for pod execution...
[INFO] Action for Pod fusion-workload-50 is: node1
[INFO] Get pod: fusion-workload-50
[INFO] This pod has been scheduled, action: node1
[INFO] Start the Step thread...
[INFO] Action for Pod fusion-workload-50 is: node1
[ENV] State updated for step 6
[REWARD] action=0 mode=absolute avg_util=0.622 imbalance=0.097 comm_cost=0.780 reward=-0.014
[INFO] Exit the Step thread!
[ENV] Step 7/100, action=node1
[ENV] Waiting for pod execution...
[ENV] State updated for step 7
[REWARD] action=0 mode=absolute avg_util=0.599 imbalance=0.073 comm_cost=0.617 reward=0.033
[INFO] Exit the Step thread!
[INFO] Get pod: fusion-workload-51
[INFO] Pod fusion-workload-51 matched profile: fusion (mongo=aws, pg=gcp)
[INFO] Get pod: fusion-workload-51
[INFO] Pod fusion-workload-51 matched profile: fusion (mongo=aws, pg=gcp)
[INFO] Get pod: fusion-workload-51
[INFO] Pod fusion-workload-51 matched profile: fusion (mongo=aws, pg=gcp)
[INFO] Start the Step thread...
[ENV] Step 8/100, action=node3
[ENV] Waiting for pod execution...
[INFO] Action for Pod fusion-workload-51 is: node3
[INFO] Get pod: fusion-workload-51
[INFO] This pod has been scheduled, action: node3
[INFO] Start the Step thread...
[INFO] Action for Pod fusion-workload-51 is: node3
[INFO] Start the Step thread...
[INFO] Action for Pod fusion-workload-51 is: node3
[ENV] State updated for step 8
[REWARD] action=2 mode=absolute avg_util=0.633 imbalance=0.182 comm_cost=0.505 reward=0.047
[INFO] Exit the Step thread!
[ENV] Step 9/100, action=node3
[ENV] Waiting for pod execution...
[ENV] State updated for step 9
[REWARD] action=2 mode=absolute avg_util=0.599 imbalance=0.251 comm_cost=0.532 reward=0.005
[INFO] Exit the Step thread!
[ENV] Step 10/100, action=node3
[ENV] Waiting for pod execution...
[ENV] State updated for step 10
[REWARD] action=2 mode=absolute avg_util=0.560 imbalance=0.183 comm_cost=0.503 reward=0.018
[INFO] Exit the Step thread!
[INFO] Get pod: fusion-workload-52
[INFO] Pod fusion-workload-52 matched profile: fusion (mongo=aws, pg=gcp)
[INFO] Get pod: fusion-workload-52
[INFO] Pod fusion-workload-52 matched profile: fusion (mongo=aws, pg=gcp)
[INFO] Get pod: fusion-workload-52
[INFO] Pod fusion-workload-52 matched profile: fusion (mongo=aws, pg=gcp)
[INFO] Get pod: fusion-workload-52
[INFO] This pod has been scheduled, action: node3
[INFO] Start the Step thread...
[ENV] Step 11/100, action=node3
[ENV] Waiting for pod execution...
[INFO] Action for Pod fusion-workload-52 is: node3
[INFO] Start the Step thread...
[INFO] Action for Pod fusion-workload-52 is: node2
[INFO] Start the Step thread...
[INFO] Action for Pod fusion-workload-52 is: node3
[ENV] State updated for step 11
[REWARD] action=2 mode=absolute avg_util=0.593 imbalance=0.161 comm_cost=0.474 reward=0.047
[INFO] Exit the Step thread!
[ENV] Step 12/100, action=node2
[ENV] Waiting for pod execution...
[ENV] State updated for step 12
[REWARD] action=1 mode=absolute avg_util=0.588 imbalance=0.085 comm_cost=0.527 reward=0.052
[INFO] Exit the Step thread!
[ENV] Step 13/100, action=node3
[ENV] Waiting for pod execution...
[ENV] State updated for step 13
[REWARD] action=2 mode=absolute avg_util=0.574 imbalance=0.142 comm_cost=0.523 reward=0.030
[INFO] Exit the Step thread!
[INFO] Get pod: fusion-workload-53
[INFO] Pod fusion-workload-53 matched profile: fusion (mongo=aws, pg=gcp)
[INFO] Get pod: fusion-workload-53
[INFO] Pod fusion-workload-53 matched profile: fusion (mongo=aws, pg=gcp)
[INFO] Get pod: fusion-workload-53
[INFO] Pod fusion-workload-53 matched profile: fusion (mongo=aws, pg=gcp)
[INFO] Get pod: fusion-workload-53
[INFO] Pod fusion-workload-53 matched profile: fusion (mongo=aws, pg=gcp)
[INFO] Start the Step thread...
[ENV] Step 14/100, action=node1
[ENV] Waiting for pod execution...
[INFO] Start the Step thread...
[INFO] Action for Pod fusion-workload-53 is: node1
[INFO] Action for Pod fusion-workload-53 is: node1
[INFO] Start the Step thread...
[INFO] Action for Pod fusion-workload-53 is: node1
[INFO] Start the Step thread...
[INFO] Action for Pod fusion-workload-53 is: node1
[ENV] State updated for step 14
[REWARD] action=0 mode=absolute avg_util=0.600 imbalance=0.117 comm_cost=0.532 reward=0.045
[INFO] Exit the Step thread!
[ENV] Step 15/100, action=node1
[ENV] Waiting for pod execution...
[INFO] Get pod: fusion-workload-52
[INFO] This pod has been scheduled, action: node3
[INFO] Get pod: fusion-workload-52
[INFO] This pod has been scheduled, action: node3
[INFO] Get pod: fusion-workload-52
[INFO] This pod has been scheduled, action: node3
[INFO] Get pod: fusion-workload-52
[INFO] This pod has been scheduled, action: node3
[ENV] State updated for step 15
[REWARD] action=0 mode=absolute avg_util=0.613 imbalance=0.190 comm_cost=0.530 reward=0.029
[INFO] Exit the Step thread!
[ENV] Step 16/100, action=node1
[ENV] Waiting for pod execution...
[ENV] State updated for step 16
[REWARD] action=0 mode=absolute avg_util=0.628 imbalance=0.197 comm_cost=0.502 reward=0.042
[INFO] Exit the Step thread!
[ENV] Step 17/100, action=node1
[ENV] Waiting for pod execution...
[ENV] State updated for step 17
[REWARD] action=0 mode=absolute avg_util=0.567 imbalance=0.083 comm_cost=0.477 reward=0.058
[INFO] Exit the Step thread!
[INFO] Get pod: fusion-workload-54
[INFO] Pod fusion-workload-54 matched profile: fusion (mongo=aws, pg=gcp)
[INFO] Get pod: fusion-workload-54
[INFO] Pod fusion-workload-54 matched profile: fusion (mongo=aws, pg=gcp)
[INFO] Get pod: fusion-workload-54
[INFO] Pod fusion-workload-54 matched profile: fusion (mongo=aws, pg=gcp)
[INFO] Get pod: fusion-workload-54
[INFO] Pod fusion-workload-54 matched profile: fusion (mongo=aws, pg=gcp)10.0.1.4 - - [18/May/2026 04:25:13] "POST /choose HTTP/1.1" 200 -
10.0.1.4 - - [18/May/2026 04:25:13] "POST /choose HTTP/1.1" 200 -
10.0.1.4 - - [18/May/2026 04:25:13] "POST /choose HTTP/1.1" 200 -
10.0.1.4 - - [18/May/2026 04:25:13] "POST /choose HTTP/1.1" 200 -
10.0.1.4 - - [18/May/2026 04:25:33] "POST /choose HTTP/1.1" 200 -
10.0.1.4 - - [18/May/2026 04:25:33] "POST /choose HTTP/1.1" 200 -
10.0.1.4 - - [18/May/2026 04:25:33] "POST /choose HTTP/1.1" 200 -
10.0.1.4 - - [18/May/2026 04:25:33] "POST /choose HTTP/1.1" 200 -
10.0.1.4 - - [18/May/2026 04:25:53] "POST /choose HTTP/1.1" 200 -
10.0.1.4 - - [18/May/2026 04:25:53] "POST /choose HTTP/1.1" 200 -
10.0.1.4 - - [18/May/2026 04:25:53] "POST /choose HTTP/1.1" 200 -
10.0.1.4 - - [18/May/2026 04:25:53] "POST /choose HTTP/1.1" 200 -
10.0.1.4 - - [18/May/2026 04:26:13] "POST /choose HTTP/1.1" 200 -
10.0.1.4 - - [18/May/2026 04:26:13] "POST /choose HTTP/1.1" 200 -
10.0.1.4 - - [18/May/2026 04:26:13] "POST /choose HTTP/1.1" 200 -
10.0.1.4 - - [18/May/2026 04:26:13] "POST /choose HTTP/1.1" 200 -
10.0.1.4 - - [18/May/2026 04:26:34] "POST /choose HTTP/1.1" 200 -
10.0.1.4 - - [18/May/2026 04:26:34] "POST /choose HTTP/1.1" 200 -
10.0.1.4 - - [18/May/2026 04:26:34] "POST /choose HTTP/1.1" 200 -
10.0.1.4 - - [18/May/2026 04:26:34] "POST /choose HTTP/1.1" 200 -
10.0.1.4 - - [18/May/2026 04:26:54] "POST /choose HTTP/1.1" 200 -
10.0.1.4 - - [18/May/2026 04:26:54] "POST /choose HTTP/1.1" 200 -
10.0.1.4 - - [18/May/2026 04:26:54] "POST /choose HTTP/1.1" 200 -
10.0.1.4 - - [18/May/2026 04:26:54] "POST /choose HTTP/1.1" 200 -
[INFO] Start the Step thread...
[ENV] Step 18/100, action=node2
[ENV] Waiting for pod execution...
[INFO] Action for Pod fusion-workload-54 is: node2

[INFO] Start the Step thread...
[INFO] Action for Pod fusion-workload-54 is: node2
[INFO] Start the Step thread...
[INFO] Action for Pod fusion-workload-54 is: node2
[INFO] Start the Step thread...
[INFO] Action for Pod fusion-workload-54 is: node2
[ENV] State updated for step 18
[REWARD] action=1 mode=absolute avg_util=0.625 imbalance=0.169 comm_cost=0.560 reward=0.031
[INFO] Exit the Step thread!
[ENV] Step 19/100, action=node2
[ENV] Waiting for pod execution...
[ENV] State updated for step 19
[REWARD] action=1 mode=absolute avg_util=0.582 imbalance=0.253 comm_cost=0.539 reward=-0.005
[INFO] Exit the Step thread!
[ENV] Step 20/100, action=node2
[ENV] Waiting for pod execution...
[ENV] State updated for step 20
[REWARD] action=1 mode=absolute avg_util=0.600 imbalance=0.061 comm_cost=0.564 reward=0.053
[INFO] Exit the Step thread!
[ENV] Step 21/100, action=node2
[ENV] Waiting for pod execution...
[ENV] State updated for step 21
[REWARD] action=1 mode=absolute avg_util=0.559 imbalance=0.088 comm_cost=0.546 reward=0.033
[INFO] Exit the Step thread!
[INFO] Get pod: fusion-workload-55
[INFO] Pod fusion-workload-55 matched profile: fusion (mongo=aws, pg=gcp)
[INFO] Get pod: fusion-workload-55
[INFO] Pod fusion-workload-55 matched profile: fusion (mongo=aws, pg=gcp)
[INFO] Get pod: fusion-workload-55
[INFO] Pod fusion-workload-55 matched profile: fusion (mongo=aws, pg=gcp)
[INFO] Get pod: fusion-workload-55
[INFO] Pod fusion-workload-55 matched profile: fusion (mongo=aws, pg=gcp)
[INFO] Start the Step thread...
[ENV] Step 22/100, action=node4
[ENV] Waiting for pod execution...
[INFO] Action for Pod fusion-workload-55 is: node4
[INFO] Start the Step thread...
[INFO] Action for Pod fusion-workload-55 is: node4
[INFO] Start the Step thread...
[INFO] Action for Pod fusion-workload-55 is: node4
[INFO] Start the Step thread...
[INFO] Action for Pod fusion-workload-55 is: node4
[ENV] State updated for step 22
[REWARD] action=3 mode=absolute avg_util=0.589 imbalance=0.166 comm_cost=0.523 reward=0.029
[INFO] Exit the Step thread!
[ENV] Step 23/100, action=node4
[ENV] Waiting for pod execution...
[ENV] State updated for step 23
[REWARD] action=3 mode=absolute avg_util=0.592 imbalance=0.144 comm_cost=0.543 reward=0.030
[INFO] Exit the Step thread!
[ENV] Step 24/100, action=node4
[ENV] Waiting for pod execution...
[ENV] State updated for step 24
[REWARD] action=3 mode=absolute avg_util=0.589 imbalance=0.062 comm_cost=0.484 reward=0.072
[INFO] Exit the Step thread!
[ENV] Step 25/100, action=node4
[ENV] Waiting for pod execution...
[ENV] State updated for step 25
[REWARD] action=3 mode=absolute avg_util=0.509 imbalance=0.250 comm_cost=0.554 reward=-0.037
[INFO] Exit the Step thread!
[INFO] Get pod: fusion-workload-56
[INFO] Pod fusion-workload-56 matched profile: fusion (mongo=aws, pg=gcp)
[INFO] Get pod: fusion-workload-56
[INFO] Pod fusion-workload-56 matched profile: fusion (mongo=aws, pg=gcp)
[INFO] Start the Step thread...
[ENV] Step 26/100, action=node2
[ENV] Waiting for pod execution...
[INFO] Action for Pod fusion-workload-56 is: node2
[INFO] Start the Step thread...
[INFO] Action for Pod fusion-workload-56 is: node2
[INFO] Get pod: fusion-workload-56
[INFO] This pod has been scheduled, action: node2
[INFO] Get pod: fusion-workload-56
[INFO] This pod has been scheduled, action: node2
[ENV] State updated for step 26
[REWARD] action=1 mode=absolute avg_util=0.629 imbalance=0.174 comm_cost=0.558 reward=0.032
[INFO] Exit the Step thread!
[ENV] Step 27/100, action=node2
[ENV] Waiting for pod execution...
[ENV] State updated for step 27
[REWARD] action=1 mode=absolute avg_util=0.602 imbalance=0.256 comm_cost=0.596 reward=-0.015
[INFO] Exit the Step thread!
[INFO] Get pod: fusion-workload-57
[INFO] Pod fusion-workload-57 matched profile: fusion (mongo=aws, pg=gcp)
[INFO] Get pod: fusion-workload-57
[INFO] Pod fusion-workload-57 matched profile: fusion (mongo=aws, pg=gcp)
[INFO] Get pod: fusion-workload-57
[INFO] Pod fusion-workload-57 matched profile: fusion (mongo=aws, pg=gcp)
[INFO] Get pod: fusion-workload-57
[INFO] Pod fusion-workload-57 matched profile: fusion (mongo=aws, pg=gcp)
[INFO] Start the Step thread...
[ENV] Step 28/100, action=node2
[ENV] Waiting for pod execution...
[INFO] Action for Pod fusion-workload-57 is: node2
[INFO] Start the Step thread...
[INFO] Start the Step thread...
[INFO] Action for Pod fusion-workload-57 is: node2
[INFO] Action for Pod fusion-workload-57 is: node2
[INFO] Start the Step thread...
[INFO] Action for Pod fusion-workload-57 is: node2
[ENV] State updated for step 28
[REWARD] action=1 mode=absolute avg_util=0.604 imbalance=0.155 comm_cost=0.569 reward=0.024
[INFO] Exit the Step thread!
[ENV] Step 29/100, action=node2
[ENV] Waiting for pod execution...
[ENV] State updated for step 29
[REWARD] action=1 mode=absolute avg_util=0.589 imbalance=0.207 comm_cost=0.515 reward=0.019
[INFO] Exit the Step thread!
[ENV] Step 30/100, action=node2
[ENV] Waiting for pod execution...
[ENV] State updated for step 30
[REWARD] action=1 mode=absolute avg_util=0.599 imbalance=0.097 comm_cost=0.624 reward=0.023
[INFO] Exit the Step thread!
[ENV] Step 31/100, action=node2
[ENV] Waiting for pod execution...
[ENV] State updated for step 31
[REWARD] action=1 mode=absolute avg_util=0.577 imbalance=0.082 comm_cost=0.497 reward=0.057
[INFO] Exit the Step thread!
[INFO] Get pod: fusion-workload-58
[INFO] Pod fusion-workload-58 matched profile: fusion (mongo=aws, pg=gcp)
[INFO] Get pod: fusion-workload-58
[INFO] Pod fusion-workload-58 matched profile: fusion (mongo=aws, pg=gcp)
[INFO] Get pod: fusion-workload-58
[INFO] Pod fusion-workload-58 matched profile: fusion (mongo=aws, pg=gcp)
[INFO] Get pod: fusion-workload-58
[INFO] Pod fusion-workload-58 matched profile: fusion (mongo=aws, pg=gcp)
[INFO] Start the Step thread...
[ENV] Step 32/100, action=node3
[ENV] Waiting for pod execution...
[INFO] Action for Pod fusion-workload-58 is: node3
[INFO] Start the Step thread...
[INFO] Action for Pod fusion-workload-58 is: node3
[INFO] Start the Step thread...
[INFO] Action for Pod fusion-workload-58 is: node3
[INFO] Start the Step thread...
[INFO] Action for Pod fusion-workload-58 is: node3
[ENV] State updated for step 32
[REWARD] action=2 mode=absolute avg_util=0.615 imbalance=0.213 comm_cost=0.504 reward=0.031
[INFO] Exit the Step thread!
[ENV] Step 33/100, action=node3
[ENV] Waiting for pod execution...
[ENV] State updated for step 33
[REWARD] action=2 mode=absolute avg_util=0.572 imbalance=0.324 comm_cost=0.519 reward=-0.024
[INFO] Exit the Step thread!
[ENV] Step 34/100, action=node3
[ENV] Waiting for pod execution...
[ENV] State updated for step 34
[REWARD] action=2 mode=absolute avg_util=0.557 imbalance=0.087 comm_cost=0.544 reward=0.034
[INFO] Exit the Step thread!
[ENV] Step 35/100, action=node3
[ENV] Waiting for pod execution...
[ENV] State updated for step 35
[REWARD] action=2 mode=absolute avg_util=0.578 imbalance=0.075 comm_cost=0.554 reward=0.043
[INFO] Exit the Step thread!
[INFO] Get pod: fusion-workload-59
[INFO] Pod fusion-workload-59 matched profile: fusion (mongo=aws, pg=gcp)
[INFO] Start the Step thread...
[ENV] Step 36/100, action=node1
[ENV] Waiting for pod execution...
[INFO] Action for Pod fusion-workload-59 is: node1
[INFO] Get pod: fusion-workload-59
[INFO] This pod has been scheduled, action: node1
[INFO] Get pod: fusion-workload-59
[INFO] This pod has been scheduled, action: node1
[INFO] Get pod: fusion-workload-59
[INFO] This pod has been scheduled, action: node1
[ENV] State updated for step 36
[REWARD] action=0 mode=absolute avg_util=0.585 imbalance=0.142 comm_cost=0.597 reward=0.012
[INFO] Exit the Step thread!
[INFO] Get pod: fusion-workload-60
[INFO] Pod fusion-workload-60 matched profile: fusion (mongo=aws, pg=gcp)
[INFO] Get pod: fusion-workload-60
[INFO] Pod fusion-workload-60 matched profile: fusion (mongo=aws, pg=gcp)
[INFO] Start the Step thread...
[ENV] Step 37/100, action=node1
[ENV] Waiting for pod execution...
[INFO] Get pod: fusion-workload-60
[INFO] This pod has been scheduled, action: node110.0.1.4 - - [18/May/2026 04:27:14] "POST /choose HTTP/1.1" 200 -
10.0.1.4 - - [18/May/2026 04:27:14] "POST /choose HTTP/1.1" 200 -
10.0.1.4 - - [18/May/2026 04:27:14] "POST /choose HTTP/1.1" 200 -
10.0.1.4 - - [18/May/2026 04:27:14] "POST /choose HTTP/1.1" 200 -
10.0.1.4 - - [18/May/2026 04:27:34] "POST /choose HTTP/1.1" 200 -
10.0.1.4 - - [18/May/2026 04:27:34] "POST /choose HTTP/1.1" 200 -
10.0.1.4 - - [18/May/2026 04:27:34] "POST /choose HTTP/1.1" 200 -
10.0.1.4 - - [18/May/2026 04:27:34] "POST /choose HTTP/1.1" 200 -
10.0.1.4 - - [18/May/2026 04:27:55] "POST /choose HTTP/1.1" 200 -
10.0.1.4 - - [18/May/2026 04:27:55] "POST /choose HTTP/1.1" 200 -
10.0.1.4 - - [18/May/2026 04:27:55] "POST /choose HTTP/1.1" 200 -
10.0.1.4 - - [18/May/2026 04:27:55] "POST /choose HTTP/1.1" 200 -
10.0.1.4 - - [18/May/2026 04:28:15] "POST /choose HTTP/1.1" 200 -
10.0.1.4 - - [18/May/2026 04:28:15] "POST /choose HTTP/1.1" 200 -
10.0.1.4 - - [18/May/2026 04:28:15] "POST /choose HTTP/1.1" 200 -
10.0.1.4 - - [18/May/2026 04:28:15] "POST /choose HTTP/1.1" 200 -
10.0.1.4 - - [18/May/2026 04:28:35] "POST /choose HTTP/1.1" 200 -
10.0.1.4 - - [18/May/2026 04:28:35] "POST /choose HTTP/1.1" 200 -
10.0.1.4 - - [18/May/2026 04:28:35] "POST /choose HTTP/1.1" 200 -
10.0.1.4 - - [18/May/2026 04:28:35] "POST /choose HTTP/1.1" 200 -
10.0.1.4 - - [18/May/2026 04:28:55] "POST /choose HTTP/1.1" 200 -
10.0.1.4 - - [18/May/2026 04:28:55] "POST /choose HTTP/1.1" 200 -
10.0.1.4 - - [18/May/2026 04:28:55] "POST /choose HTTP/1.1" 200 -
10.0.1.4 - - [18/May/2026 04:28:55] "POST /choose HTTP/1.1" 200 -
10.0.1.4 - - [18/May/2026 04:29:16] "POST /choose HTTP/1.1" 200 -
10.0.1.4 - - [18/May/2026 04:29:16] "POST /choose HTTP/1.1" 200 -
10.0.1.4 - - [18/May/2026 04:29:16] "POST /choose HTTP/1.1" 200 -
10.0.1.4 - - [18/May/2026 04:29:16] "POST /choose HTTP/1.1" 200 -
10.0.1.4 - - [18/May/2026 04:29:21] "POST /choose HTTP/1.1" 200 -
10.0.1.4 - - [18/May/2026 04:29:21] "POST /choose HTTP/1.1" 200 -
10.0.1.4 - - [18/May/2026 04:29:21] "POST /choose HTTP/1.1" 200 -
10.0.1.4 - - [18/May/2026 04:29:21] "POST /choose HTTP/1.1" 200 -

[INFO] Start the Step thread...
[INFO] Action for Pod fusion-workload-60 is: node1
[INFO] Get pod: fusion-workload-60
[INFO] This pod has been scheduled, action: node1
[INFO] Action for Pod fusion-workload-60 is: node1
[ENV] State updated for step 37
[REWARD] action=0 mode=absolute avg_util=0.622 imbalance=0.233 comm_cost=0.514 reward=0.024
[INFO] Exit the Step thread!
[ENV] Step 38/100, action=node1
[ENV] Waiting for pod execution...
[ENV] State updated for step 38
[REWARD] action=0 mode=absolute avg_util=0.594 imbalance=0.118 comm_cost=0.513 reward=0.048
[INFO] Exit the Step thread!
[INFO] Get pod: fusion-workload-61
[INFO] Pod fusion-workload-61 matched profile: fusion (mongo=aws, pg=gcp)
[INFO] Start the Step thread...
[ENV] Step 39/100, action=node2
[ENV] Waiting for pod execution...
[INFO] Action for Pod fusion-workload-61 is: node2
[INFO] Get pod: fusion-workload-61
[INFO] This pod has been scheduled, action: node2
[INFO] Get pod: fusion-workload-61
[INFO] This pod has been scheduled, action: node2
[INFO] Get pod: fusion-workload-61
[INFO] This pod has been scheduled, action: node2
[ENV] State updated for step 39
[REWARD] action=1 mode=absolute avg_util=0.563 imbalance=0.160 comm_cost=0.612 reward=-0.006
[INFO] Exit the Step thread!
[INFO] Get pod: fusion-workload-62
[INFO] Pod fusion-workload-62 matched profile: fusion (mongo=aws, pg=gcp)
[INFO] Get pod: fusion-workload-62
[INFO] Pod fusion-workload-62 matched profile: fusion (mongo=aws, pg=gcp)
[INFO] Start the Step thread...
[ENV] Step 40/100, action=node2
[ENV] Waiting for pod execution...
[INFO] Get pod: fusion-workload-62
[INFO] This pod has been scheduled, action: node2
[INFO] Action for Pod fusion-workload-62 is: node2
[INFO] Get pod: fusion-workload-62
[INFO] This pod has been scheduled, action: node2
[INFO] Start the Step thread...
[INFO] Action for Pod fusion-workload-62 is: node2
[ENV] State updated for step 40
[REWARD] action=1 mode=absolute avg_util=0.580 imbalance=0.116 comm_cost=0.500 reward=0.047
[INFO] Exit the Step thread!
[ENV] Step 41/100, action=node2
[ENV] Waiting for pod execution...
[ENV] State updated for step 41
[REWARD] action=1 mode=absolute avg_util=0.594 imbalance=0.167 comm_cost=0.492 reward=0.040
[INFO] Exit the Step thread!
[INFO] Get pod: fusion-workload-63
[INFO] Pod fusion-workload-63 matched profile: fusion (mongo=aws, pg=gcp)
[INFO] Get pod: fusion-workload-63
[INFO] Pod fusion-workload-63 matched profile: fusion (mongo=aws, pg=gcp)
[INFO] Get pod: fusion-workload-63
[INFO] Pod fusion-workload-63 matched profile: fusion (mongo=aws, pg=gcp)
[INFO] Start the Step thread...
[ENV] Step 42/100, action=node3
[ENV] Waiting for pod execution...
[INFO] Start the Step thread...
[INFO] Action for Pod fusion-workload-63 is: node3
[INFO] Start the Step thread...
[INFO] Action for Pod fusion-workload-63 is: node3
[INFO] Action for Pod fusion-workload-63 is: node3
[INFO] Get pod: fusion-workload-63
[INFO] This pod has been scheduled, action: node3
[ENV] State updated for step 42
[REWARD] action=2 mode=absolute avg_util=0.566 imbalance=0.183 comm_cost=0.558 reward=0.004
[INFO] Exit the Step thread!
[ENV] Step 43/100, action=node3
[ENV] Waiting for pod execution...
[ENV] State updated for step 43
[REWARD] action=2 mode=absolute avg_util=0.617 imbalance=0.126 comm_cost=0.521 reward=0.053
[INFO] Exit the Step thread!
[ENV] Step 44/100, action=node3
[ENV] Waiting for pod execution...
[ENV] State updated for step 44
[REWARD] action=2 mode=absolute avg_util=0.583 imbalance=0.149 comm_cost=0.518 reward=0.033
[INFO] Exit the Step thread!
[INFO] Get pod: fusion-workload-64
[INFO] Pod fusion-workload-64 matched profile: fusion (mongo=aws, pg=gcp)
[INFO] Get pod: fusion-workload-64
[INFO] Pod fusion-workload-64 matched profile: fusion (mongo=aws, pg=gcp)
[INFO] Get pod: fusion-workload-64
[INFO] This pod has been scheduled, action: node3
[INFO] Get pod: fusion-workload-64
[INFO] This pod has been scheduled, action: node3
[INFO] Start the Step thread...
[ENV] Step 45/100, action=node3
[ENV] Waiting for pod execution...
[INFO] Start the Step thread...
[INFO] Action for Pod fusion-workload-64 is: node3
[INFO] Action for Pod fusion-workload-64 is: node1
[ENV] State updated for step 45
[REWARD] action=2 mode=absolute avg_util=0.606 imbalance=0.087 comm_cost=0.508 reward=0.064
[INFO] Exit the Step thread!
[ENV] Step 46/100, action=node1
[ENV] Waiting for pod execution...
[ENV] State updated for step 46
[REWARD] action=0 mode=absolute avg_util=0.569 imbalance=0.161 comm_cost=0.466 reward=0.040
[INFO] Exit the Step thread!
[INFO] Get pod: fusion-workload-65
[INFO] Pod fusion-workload-65 matched profile: fusion (mongo=aws, pg=gcp)
[INFO] Get pod: fusion-workload-65
[INFO] Pod fusion-workload-65 matched profile: fusion (mongo=aws, pg=gcp)
[INFO] Get pod: fusion-workload-65
[INFO] Pod fusion-workload-65 matched profile: fusion (mongo=aws, pg=gcp)
[INFO] Get pod: fusion-workload-65
[INFO] Pod fusion-workload-65 matched profile: fusion (mongo=aws, pg=gcp)
[INFO] Start the Step thread...
[ENV] Step 47/100, action=node3
[ENV] Waiting for pod execution...
[INFO] Action for Pod fusion-workload-65 is: node3
[INFO] Start the Step thread...
[INFO] Action for Pod fusion-workload-65 is: node1
[INFO] Start the Step thread...
[INFO] Start the Step thread...
[INFO] Action for Pod fusion-workload-65 is: node1
[INFO] Action for Pod fusion-workload-65 is: node1
[ENV] State updated for step 47
[REWARD] action=2 mode=absolute avg_util=0.607 imbalance=0.146 comm_cost=0.487 reward=0.053
[INFO] Exit the Step thread!
[ENV] Step 48/100, action=node1
[ENV] Waiting for pod execution...
[ENV] State updated for step 48
[REWARD] action=0 mode=absolute avg_util=0.582 imbalance=0.060 comm_cost=0.482 reward=0.070
[INFO] Exit the Step thread!
[ENV] Step 49/100, action=node1
[ENV] Waiting for pod execution...
[ENV] State updated for step 49
[REWARD] action=0 mode=absolute avg_util=0.562 imbalance=0.089 comm_cost=0.491 reward=0.051
[INFO] Exit the Step thread!
[ENV] Step 50/100, action=node1
[ENV] Waiting for pod execution...
[ENV] State updated for step 50
[REWARD] action=0 mode=absolute avg_util=0.576 imbalance=0.085 comm_cost=0.472 reward=0.063
[INFO] Exit the Step thread!
[INFO] Get pod: fusion-workload-66
[INFO] Pod fusion-workload-66 matched profile: fusion (mongo=aws, pg=gcp)
[INFO] Get pod: fusion-workload-66
[INFO] Pod fusion-workload-66 matched profile: fusion (mongo=aws, pg=gcp)
[INFO] Get pod: fusion-workload-66
[INFO] Pod fusion-workload-66 matched profile: fusion (mongo=aws, pg=gcp)
[INFO] Get pod: fusion-workload-66
[INFO] This pod has been scheduled, action: node1
[INFO] Start the Step thread...
[ENV] Step 51/100, action=node1
[ENV] Waiting for pod execution...
[INFO] Start the Step thread...
[INFO] Action for Pod fusion-workload-66 is: node1
[INFO] Action for Pod fusion-workload-66 is: node1
[INFO] Start the Step thread...
[INFO] Action for Pod fusion-workload-66 is: node1
[ENV] State updated for step 51
[REWARD] action=0 mode=absolute avg_util=0.573 imbalance=0.144 comm_cost=0.558 reward=0.019
[INFO] Exit the Step thread!
[ENV] Step 52/100, action=node1
[ENV] Waiting for pod execution...
[INFO] Get pod: fusion-workload-65
[INFO] This pod has been scheduled, action: node1
[INFO] Get pod: fusion-workload-65
[INFO] This pod has been scheduled, action: node1
[INFO] Get pod: fusion-workload-65
[INFO] This pod has been scheduled, action: node1
[INFO] Get pod: fusion-workload-65
[INFO] This pod has been scheduled, action: node1
[ENV] State updated for step 52
[REWARD] action=0 mode=absolute avg_util=0.593 imbalance=0.180 comm_cost=0.535 reward=0.023
[INFO] Exit the Step thread!
[ENV] Step 53/100, action=node1
[ENV] Waiting for pod execution...
[ENV] State updated for step 53
[REWARD] action=0 mode=absolute avg_util=0.609 imbalance=0.147 comm_cost=0.510 reward=0.047
[INFO] Exit the Step thread!
[INFO] Get pod: fusion-workload-67
[INFO] Pod fusion-workload-67 matched profile: fusion (mongo=aws, pg=gcp)
[INFO] Get pod: fusion-workload-67
[INFO] Pod fusion-workload-67 matched profile: fusion (mongo=aws, pg=gcp)
[INFO] Get pod: fusion-workload-67
[INFO] Pod fusion-workload-67 matched profile: fusion (mongo=aws, pg=gcp)10.0.1.4 - - [18/May/2026 04:29:36] "POST /choose HTTP/1.1" 200 -
10.0.1.4 - - [18/May/2026 04:29:36] "POST /choose HTTP/1.1" 200 -
10.0.1.4 - - [18/May/2026 04:29:36] "POST /choose HTTP/1.1" 200 -
10.0.1.4 - - [18/May/2026 04:29:36] "POST /choose HTTP/1.1" 200 -
10.0.1.4 - - [18/May/2026 04:29:56] "POST /choose HTTP/1.1" 200 -
10.0.1.4 - - [18/May/2026 04:29:56] "POST /choose HTTP/1.1" 200 -
10.0.1.4 - - [18/May/2026 04:29:56] "POST /choose HTTP/1.1" 200 -
10.0.1.4 - - [18/May/2026 04:29:56] "POST /choose HTTP/1.1" 200 -
10.0.1.4 - - [18/May/2026 04:30:16] "POST /choose HTTP/1.1" 200 -
10.0.1.4 - - [18/May/2026 04:30:16] "POST /choose HTTP/1.1" 200 -
10.0.1.4 - - [18/May/2026 04:30:16] "POST /choose HTTP/1.1" 200 -
10.0.1.4 - - [18/May/2026 04:30:16] "POST /choose HTTP/1.1" 200 -
10.0.1.4 - - [18/May/2026 04:30:37] "POST /choose HTTP/1.1" 200 -
10.0.1.4 - - [18/May/2026 04:30:37] "POST /choose HTTP/1.1" 200 -
10.0.1.4 - - [18/May/2026 04:30:37] "POST /choose HTTP/1.1" 200 -
10.0.1.4 - - [18/May/2026 04:30:37] "POST /choose HTTP/1.1" 200 -
10.0.1.4 - - [18/May/2026 04:30:57] "POST /choose HTTP/1.1" 200 -
10.0.1.4 - - [18/May/2026 04:30:57] "POST /choose HTTP/1.1" 200 -
10.0.1.4 - - [18/May/2026 04:30:57] "POST /choose HTTP/1.1" 200 -
10.0.1.4 - - [18/May/2026 04:30:57] "POST /choose HTTP/1.1" 200 -
10.0.1.4 - - [18/May/2026 04:31:17] "POST /choose HTTP/1.1" 200 -
10.0.1.4 - - [18/May/2026 04:31:17] "POST /choose HTTP/1.1" 200 -
10.0.1.4 - - [18/May/2026 04:31:17] "POST /choose HTTP/1.1" 200 -
10.0.1.4 - - [18/May/2026 04:31:17] "POST /choose HTTP/1.1" 200 -
10.0.1.4 - - [18/May/2026 04:31:37] "POST /choose HTTP/1.1" 200 -
10.0.1.4 - - [18/May/2026 04:31:37] "POST /choose HTTP/1.1" 200 -
10.0.1.4 - - [18/May/2026 04:31:37] "POST /choose HTTP/1.1" 200 -
10.0.1.4 - - [18/May/2026 04:31:37] "POST /choose HTTP/1.1" 200 -
10.0.1.4 - - [18/May/2026 04:31:58] "POST /choose HTTP/1.1" 200 -
10.0.1.4 - - [18/May/2026 04:31:58] "POST /choose HTTP/1.1" 200 -
10.0.1.4 - - [18/May/2026 04:31:58] "POST /choose HTTP/1.1" 200 -
10.0.1.4 - - [18/May/2026 04:31:58] "POST /choose HTTP/1.1" 200 -
